b'?27\\\xbe\xa5\xdd\x19qs<\x05\xb4\x9ej\xd9'
0 2.475 99.8003992015968
1000 0.8416607800302633 66.46706586826348
2000 0.9078062880223963 49.800399201596804
3000 0.7980313935683057 39.800399201596804
4000 0.5504982375216949 33.13373253493014
5000 0.80099653188598 28.371827773025377
6000 0.8763378511861093 24.800399201596807
7000 0.6884935108771887 22.022621423819025
8000 0.8549674748733199 19.800399201596807
9000 1.0565069734391532 17.98221738341499
10000 0.8424803354418338 16.46706586826347
11000 0.9547408951263455 15.185014586212192
12000 1.0788637713966358 14.086113487311092
13000 0.778011323015164 13.13373253493014
14000 0.9852518314344101 12.300399201596806
15000 0.4561512602018712 11.565105083949748
16000 0.9554637967473878 10.911510312707916
17000 0.8127276336432144 10.32671499107049
18000 0.838193080447153 9.800399201596806
19000 0.8307283420297882 9.32420872540633
20000 0.6844253847039936 8.891308292505897
21000 0.6738218253341149 8.496051375509849
22000 0.9146194368793836 8.13373253493014
23000 0.9859649228622032 7.800399201596808
24000 0.614595045593583 7.492706893904498
25000 0.8279469070335832 7.207806609004213
26000 0.6438370658067859 6.943256344453949
27000 0.8090707103317629 6.696950925734737
28000 0.8254609456630808 6.4670658682634725
29000 0.8436415084414572 6.252012104822612
30000 0.8874359949312248 6.050399201596806
31000 0.4945709785446297 5.861005262202867
32000 0.9411863329663377 5.682752142773277
33000 0.7942386011059607 5.51468491588252
34000 0.6245985906583159 5.355954757152361
35000 0.7678286305553851 5.205804607002211
36000 0.7560928506628161 5.063557096333649
37000 0.5209360501953965 4.928604329801934
38000 0.7262145025153768 4.800399201596806
39000 0.8563558458850848 4.678447982084611
40000 0.8128975422691112 4.562303963501568
41000 0.4583080332390563 4.45156199229448
42000 0.872060045723829 4.345853747051351
43000 0.8032593717749181 4.244843646041251
44000 1.0260614393478948 4.148225288553329
45000 1.224499047227538 4.055718350532977
46000 0.737136170013575 3.9670658682634734
47000 0.7690484748886962 3.882031854658031
48000 0.6200389147114443 3.8003992015968064
49000 0.6155594522484391 3.7219678290477867
50000 0.7681388122322357 3.6465530477506523
51000 0.8852161296841242 3.5739841072571834
52000 0.9558128606145639 3.5041029053005097
53000 1.0011717315466269 3.4367628379604427
54000 0.7364238399843713 3.3718277730253776
55000 0.8971590376892831 3.3091711314213677
56000 0.7264704438204234 3.2486750636657717
57000 1.1996442232001736 3.190229710071382
58000 0.9124350199719089 3.1337325349301395
59000 0.8286558653659726 3.0790877261869705
60000 0.5698482144584989 3.02620565320971
61000 0.8067829635542968 2.975002376199981
62000 0.6496193503911857 2.9253992015968064
63000 0.6810816461793496 2.877322278519883
64000 0.7145005176720117 2.8307022318998367
65000 0.68293729069904 2.785473828462478
66000 0.5797966121224074 2.7415756721850415
67000 0.5154115473705546 2.698949926234487
68000 0.8926857680964254 2.657542058739663
69000 0.7674173101380355 2.6173006100475105
70000 0.6350906731274104 2.5781769793745837
71000 0.828334719936676 2.5401252289940666
72000 0.7451274058414349 2.503101904299509
73000 0.5534609521541827 2.467065868263473
74000 0.8328206365022887 2.4319781489652277
75000 0.7500450082878041 2.397801798999404
76000 0.703866748795702 2.3645017656993703
77000 0.8706356832212003 2.3320447712170593
78000 0.5723600380357567 2.3003992015968064
79000 0.7577038604803231 2.269535004065942
80000 0.6208448277419867 2.239423591840709
81000 0.9176418412051557 2.2100377558136737
82000 0.7213315254086223 2.1813515825491874
83000 0.6212035949662691 2.1533403780673943
84000 0.8975830947657488 2.1259805969456433
85000 0.7275885462455017 2.09924977630945
86000 0.8638032781260963 2.0731264743240794
87000 0.6917629565379902 2.0475902128327617
88000 1.031033461162606 2.0226214238190288
89000 0.702400006238976 1.9982013993990044
90000 0.9284521355336639 1.9743122450750676
91000 0.764860857220559 1.950936836005409
92000 0.6625920249970702 1.9280587760648915
93000 0.3916620283770693 1.9056623594915432
94000 0.8630579433576975 1.88373253493014
95000 0.8161518552341726 1.8622548716998995
96000 0.864447384735025 1.8412155281274187
97000 0.6148306022987721 1.8206012217988268
98000 0.6081231518557445 1.8003992015968064
99000 0.7200396644553835 1.7805972213987866
100000 0.6698975552420986 1.7611835153222966
101000 0.439374147211354 1.7421467744123404
102000 0.7541412646940439 1.7234761246737293
103000 0.6540968424826116 1.705161106358711
104000 0.8242508635464665 1.687191654426995
105000 0.6097960910776933 1.6695580801014793
106000 0.6710523905080497 1.652251053448658
107000 0.5333574107368328 1.6352615869179072
108000 0.5762536239761633 1.6185810197786246
109000 0.6424465637259847 1.602201003398608
110000 1.0151707986664347 1.586113487311092
111000 0.6500990881411117 1.570310706021585
112000 0.8598851817978753 1.554785166509087
113000 0.827468960757988 1.5395296363794149
114000 0.8302632866462851 1.524537132631289
115000 0.8129514237233043 1.5098009109985155
116000 0.9302530930595586 1.4953144558340943
117000 0.8717982064712012 1.4810714705043693
118000 0.9988831374542674 1.4670658682634732
119000 0.888875114317349 1.4532917635802776
120000 0.8320817125977343 1.4397434638918885
121000 0.5739346866163438 1.426415461759408
122000 0.7413713778003403 1.4133024274032582
123000 0.8474966018297757 1.4003992015968065
124000 0.7019165308876139 1.3877007888983937
125000 0.7610551541405772 1.3752023512031055
126000 0.9755559979813313 1.3628992015968064
127000 0.5414249493960275 1.3507867984960311
128000 0.9295070733798713 1.3388607400583448
129000 0.8923514596236636 1.3271167588487147
130000 0.7255905015428925 1.3155507167483216
131000 0.7620195990017112 1.304158600093047
132000 0.6664863015799425 1.2929365150296421
133000 0.5878467588898008 1.2818806830782878
134000 0.8187021141249613 1.270987436890924
135000 0.7502632966407148 1.2602532161953466
136000 0.7975327883099145 1.2496745639156468
137000 0.7618347728735694 1.2392481224601157
138000 0.9719478956329615 1.2289706301682348
139000 0.6870997055802271 1.218838917908863
140000 0.6571530438029303 1.2088499058221585
141000 0.6224651283182825 1.1990006001982052
142000 0.6993596191205174 1.1892880904856953
143000 0.543527048759937 1.1797095464243927
144000 0.7643973658042751 1.1702622152954365
145000 0.5243634550469072 1.1609434192838812
146000 0.8682216409800689 1.1517505529481578
147000 0.7708157027738933 1.1426810807914374
148000 0.5926329956159042 1.1337325349301397
149000 0.5118713196794672 1.1249025128550847
150000 0.8503748495115573 1.116188675281017
151000 0.7921733943303458 1.1075887440804666
152000 0.8179307004374498 1.0991005002981051
153000 0.5596231195991085 1.0907217822419677
154000 0.7640519706546364 1.0824504836480884
155000 0.6665140798329448 1.0742845519152777
156000 0.7295948477000253 1.0662219864069329
157000 0.7861672018021298 1.0582608368169322
158000 1.0364661634385255 1.0503992015968064
159000 0.7920977895989478 1.0426352264415268
160000 0.9067431521392869 1.0349671028313743
161000 0.6874942243348063 1.0273930666274813
162000 0.5414205920408895 1.0199113967187576
163000 0.8974475553764176 1.0125204137180184
164000 0.8407572614407983 1.00521847870524
165000 0.7252217234942513 0.998003992015968
166000 0.7833871101819563 0.9908753920729969
167000 0.8719038066121465 0.9838311542595282
168000 0.9620509723881531 0.9768697898321004
169000 0.7155945860911493 0.9699898448716602
170000 0.788867166151271 0.9631898992712249
171000 0.5431463962543239 0.956468565758656
172000 0.7559525280205389 0.9498244889531284
173000 0.6572138475782285 0.9432563444539492
174000 0.6518613622949319 0.9367628379604429
175000 0.7159934443686312 0.9303427044216652
176000 0.6953266756773792 0.923994707214784
177000 0.8404095578168989 0.9177176373509963
178000 0.6522296567268174 0.9115103127079176
179000 0.8039355997299891 0.9053715772874142
180000 0.7574197876405163 0.8993003004979054
181000 0.9180815312393189 0.8932953764601943
182000 1.059238598929879 0.887355723335937
183000 0.4706505853146733 0.8814802826778874
184000 0.8053076990420971 0.8756680188011077
185000 0.8534044209798533 0.8699179181743464
186000 0.7062512575078794 0.864228988830849
187000 0.6894847544159837 0.8586002597978646
188000 0.7311001465340108 0.8530307805441748
189000 0.9461305313345743 0.847519620444974
190000 0.852173425359717 0.8420658682634732
191000 0.9539688912081583 0.8366686316486198
192000 0.9266211434929664 0.831327036648353
193000 0.770163876470147 0.826040227237832
194000 0.6832076477821146 0.8208073648621126
195000 0.7159057709546306 0.8156276279927455
196000 0.8007448999956387 0.8105002116978166
197000 0.8014576245672628 0.8054243272249471
198000 0.8131258934683088 0.8003992015968064
199000 0.6944963403679905 0.7954240772186969
200000 0.5827451512199703 0.7904982114977965
201000 0.768578334863048 0.7856208764736536
202000 0.6799387592610368 0.7807913584595514
203000 0.5580666841779424 0.7760089576943672
204000 0.8139085516479004 0.7712729880045734
205000 0.5684900697127071 0.7665827764760336
206000 0.799461932547904 0.7619376631352679
207000 0.9319677199777925 0.7573370006398688
208000 0.8296286143544825 0.7527801539777588
209000 0.9179078202505492 0.7482665001750055
210000 0.8669913931558825 0.7437954280119006
211000 0.8885162978025867 0.7393663377470412
212000 0.633425125348221 0.7349786408491428
213000 0.947939424016415 0.7306317597363412
214000 0.7501702052332037 0.7263251275227323
215000 0.7365194356887708 0.7220581877719217
216000 0.5278885077180058 0.7178303942573567
217000 0.7742368149024452 0.7136412107292265
218000 0.8477822706851047 0.7094901106877154
219000 0.8048790270558688 0.7053765771624172
220000 0.8214390772196302 0.7013001024977072
221000 0.7381498139223563 0.6972601881438916
222000 0.7080222488645151 0.6932563444539492
223000 0.998878456011133 0.6892880904856953
224000 1.0664398533840271 0.6853549538091956
225000 0.8793679618470831 0.6814564703192734
226000 0.6953169992128558 0.6775921840529466
227000 0.7816381752359431 0.6737616470116536
228000 0.5218100108151057 0.6699644189881107
229000 0.8628818025442732 0.6662000673976722
230000 0.8346173375604542 0.6624681671140478
231000 0.6072239045747668 0.6587683003092528
232000 0.8637574265656691 0.655100056297661
233000 0.8337416524681328 0.6514630313840404
234000 0.754511732355074 0.6478568287154503
235000 0.8498236948070922 0.644281058136891
236000 0.772569384974509 0.6407353360505879
237000 0.7949841529854194 0.6372192852788148
238000 0.6902362222124261 0.6337325349301397
239000 0.7484834064374397 0.6302747202690056
240000 0.804274640650215 0.6268454825885419
241000 0.6396905374897255 0.6234444690865182
242000 0.7698099228654116 0.6200713327443474
243000 0.7229215397163237 0.6167257322090514
244000 0.6436580738248282 0.6134073316781072
245000 0.7298381548997765 0.6101158007870897
246000 0.8625631321369804 0.6068508145000322
247000 0.7481272295065432 0.6036120530024289
248000 0.6159741821016101 0.6003992015968065
249000 0.7579118192240798 0.5972119506007905
250000 0.7280654761677868 0.5940499952475999
251000 1.0558863304133523 0.5909130355889014
252000 0.8284992712287701 0.587800776399956
253000 0.6935983945905297 0.5847129270870024
254000 0.9184431675754462 0.5816492015968064
255000 0.920146558686293 0.5786093183283239
256000 1.1060368323949747 0.5755930000464187
257000 0.763687102519151 0.5725999737975784
258000 0.5718499738747265 0.5696299708275756
259000 0.7626500726899931 0.566682726501021
260000 0.5194397081605189 0.5637579802227606
261000 0.7090914165970326 0.5608554753610648
262000 0.5054703527135749 0.557974959172564
263000 0.6267274463933438 0.555116182728882
264000 0.8560086727725781 0.5522789008449267
265000 1.0506254313141667 0.5494628720087913
266000 1.1216040780799021 0.5466678583132243
267000 0.9231456510640811 0.543893625388628
268000 0.7201469342535411 0.5411399423375471
269000 0.6067493795039031 0.538406581670607
270000 0.8088104762089354 0.5356933192438651
271000 0.7731350581235971 0.5329999341975389
272000 0.6832446329445675 0.5303262088960765
273000 0.5720533455283903 0.5276719288695335
274000 0.827987218896333 0.5250368827562266
275000 0.9646698761029544 0.522420862246626
276000 0.7063377206071066 0.5198236620284611
277000 0.9537273038239973 0.517245079733007
278000 0.7844286925418862 0.5146849158825206
279000 0.8989156076329089 0.5121429738387993
280000 0.6492543419763945 0.5096190597528347
281000 0.8680626339022346 0.5071129825155343
282000 0.6944731070285938 0.5046245537094824
283000 0.7761713419802951 0.5021535875617187
284000 0.34548205912076896 0.49969990089750577
285000 0.8430666296247451 0.4972633130950643
286000 0.8934720235217977 0.4948436460412508
287000 0.7373725599777124 0.4924407240881559
288000 0.5397244215087109 0.49005437401059954
289000 0.6923610515989889 0.4876844249645041
290000 0.8948027127114772 0.4853307084461214
291000 0.8271709890722886 0.48299305825209654
292000 0.7641885939984272 0.4806713104403438
293000 0.691917491596196 0.4783653032917217
294000 0.8554049512433064 0.47607487727248204
295000 0.6999243663406223 0.47379987499747983
296000 0.8493758467280295 0.47154014119412185
297000 0.9944149865990495 0.4692955226670405
298000 0.45098734415457076 0.467065868263473
299000 0.7833768255138338 0.4648510288393313
300000 0.7508271208561691 0.4626508572259455
301000 0.6164844130417003 0.46046520819746645
302000 0.7987426735676005 0.4582939384389117
303000 0.6271540077662957 0.45613690651483924
304000 0.5533095301032624 0.45399397283863646
305000 1.006184276307625 0.45186499964240906
306000 0.8834217517935633 0.44974985094745573
307000 0.6923718537972202 0.4476483925353178
308000 0.4805962916077222 0.445560491919387
309000 0.6364931198882369 0.44348601831706363
310000 0.7703349032253458 0.44142484262244736
311000 0.9248310683969438 0.43937683737955396
312000 0.7813076301881148 0.437341876756042
313000 0.7297532961769718 0.43531983651744127
314000 0.6904796244859072 0.4333105940018696
315000 0.4956766612429203 0.43131402809522906
316000 0.883102432196502 0.42933001920686925
317000 0.7691524533745805 0.42735844924570926
318000 0.7873467849106707 0.4253992015968064
319000 0.36806262966381476 0.423452161098364
320000 0.7281714657849107 0.4215172140191666
321000 0.5079281068086317 0.4195942480364349
322000 0.9248430587649246 0.4176831522140903
323000 0.8790321975703097 0.4157838169814218
324000 0.9376355445996853 0.4138961341121438
325000 0.7028448241793482 0.41201999670384
326000 0.5546754377125214 0.410155299157782
327000 0.7517266324491525 0.4083019371591164
328000 0.6551936002960042 0.40645980765741235
329000 0.9251842165353806 0.40462880884756164
330000 0.7982596327532288 0.4028088401510232
331000 0.8943376918857515 0.400999802197407
332000 0.7698253372728117 0.39920159680638717
333000 0.6814648202534547 0.39741412696994066
334000 0.7319102191652567 0.3956372968349016
335000 0.9027692528072359 0.3938710116858271
336000 0.6547446116873101 0.39211517792816725
337000 0.8449651543941974 0.39036970307173263
338000 0.8458597850435684 0.38863449571445335
339000 0.8913932290526051 0.3869094655264251
340000 0.8122928204880099 0.38519452323423325
341000 0.6014548050550411 0.38348958060555266
342000 0.5945816076777302 0.3817945504340156
343000 0.571421140535556 0.38010934652434264
344000 0.5691656779281961 0.3784338836777313
345000 0.32159818951157937 0.37676807767749804
346000 0.8384608624447042 0.37511184527496727
347000 0.6650196292165315 0.373465104175603
348000 0.5588840149879508 0.3718277730253779
349000 0.8836510086348358 0.3701997713973762
350000 0.5593197858146172 0.3685810197786246
351000 0.8071032899910754 0.36697143955714634
352000 0.5881277366038837 0.3653709530092358
353000 0.7001880729373773 0.36377948328694726
354000 0.8461986171327852 0.3621969544057952
355000 0.7258146503431451 0.36062329123266074
356000 0.8151022372559358 0.35905841947390144
357000 0.7862631919399096 0.3575022656636588
358000 0.6791452549184955 0.35595475715236197
359000 0.8762683889411602 0.3544158220954214
360000 0.7054263823827147 0.3528853894421103
361000 0.8605912185663407 0.3513633889246301
362000 0.7553644334789535 0.3498497510473558
363000 0.7447320330091189 0.3483444070762584
364000 0.6513057623853409 0.3468472890285004
365000 0.8299054256551563 0.34535832966220154
366000 0.7081911021083399 0.3438774624663716
367000 0.7951907911800055 0.342404621651007
368000 0.9036831272708072 0.34093974213734696
369000 0.7516923534970872 0.3394827595482888
370000 0.5838298694335688 0.3380336101989569
371000 0.7336753484402154 0.33659223108742303
372000 0.7228884048364183 0.33515855988557647
373000 0.7978970008896705 0.3337325349301397
374000 0.7745408298986721 0.33231409521382765
375000 0.39956383310515486 0.3309031803766473
376000 0.8548993805820745 0.32949973069733557
377000 0.657745971035832 0.32810368708493304
378000 0.8117956933990609 0.32671499107049057
379000 0.801621082682754 0.3253335847989061
380000 0.7874373157514412 0.32395941102089015
381000 0.4252180663889839 0.322592413085057
382000 0.6061585487659195 0.32123253493013965
383000 0.5829184238618631 0.3198797210773258
384000 0.8994781179369526 0.3185339166227132
385000 0.8538229693585664 0.3171950672298813
386000 0.7816722425389914 0.3158631191225795
387000 0.5925440240638152 0.31453801907752615
388000 0.8866143681073073 0.3132197144173193
389000 0.6067984535462622 0.31190815300345603
390000 0.6125781716069915 0.31060328322945935
391000 0.6718661864454765 0.3093050540141092
392000 0.8600026721862499 0.3080134147947759
393000 0.6374016066198993 0.30672831552085694
394000 0.5304971394819289 0.30544970664731136
395000 0.8091936793834537 0.30417753912829254
396000 0.9103655430309884 0.3029117644108767
397000 0.6779472309201565 0.30165233442888656
398000 0.8890665990235679 0.3003992015968064
399000 0.8631862033583253 0.29915231880378895
400000 0.93101968446647 0.2979116394077517
401000 0.6662937391446546 0.2966771172295608
402000 0.6430288925922879 0.29544870654730143
403000 0.7608046185712464 0.2942263620906336
404000 0.42399730740330854 0.2930100390352301
405000 0.8192195050533455 0.29179969299729774
406000 0.47016278898254593 0.2905952800281789
407000 0.7539521457460459 0.28939675660903147
408000 0.7145412595230054 0.2882040796455869
409000 0.5882492401178462 0.2870172064629865
410000 0.7140747819547311 0.28583609480069
411000 0.2402334368108725 0.28466070280746025
412000 0.787900581973112 0.28349098903641995
413000 0.8574816124574772 0.28232691244017993
414000 0.827604363448836 0.2811684323660372
415000 0.5296527939324187 0.28001550855124296
416000 0.6065306200178551 0.27886810111833754
417000 0.8372000795759755 0.2777261705705535
418000 1.0900234686370693 0.27658967778728266
419000 0.42911798801917983 0.2754585840196093
420000 0.8130466389490739 0.2743328508859059
421000 0.5628478616226295 0.27321244036749204
422000 0.44110293564695535 0.2720973148043536
423000 0.45094968893143333 0.27098743689092414
424000 0.47394860895888397 0.26988276967192376
425000 0.5639646120848912 0.2687832765382584
426000 0.6790105832833347 0.26768892122297466
427000 0.5599764308525692 0.2665996677972727
428000 0.8945089539868535 0.2655154806665738
429000 0.5443516752221734 0.264436324566644
430000 0.7744140543450683 0.2633621645597694
431000 0.899141022866699 0.2622929660309866
432000 0.6922580531469753 0.261228694684364
433000 0.8144694865838056 0.26016931653933517
434000 0.5613763428858733 0.2591147979270817
435000 0.7433195428925683 0.25806510548696665
436000 0.8927263065569859 0.25702020616301646
437000 0.27552618395306827 0.2559800672004511
438000 0.43665269185086264 0.254944656142261
439000 0.689391566359544 0.2539139408258314
440000 0.5643629335832263 0.2528878893796118
441000 0.6207404593351888 0.2518664702198313
442000 0.6872918425384446 0.2508496520472569
443000 0.7337631439822458 0.2498374038439975
444000 0.4888339599219579 0.248829694870349
445000 0.8127702892012202 0.24782649466168338
446000 0.6248482716706865 0.24682777302537784
447000 0.6019646785219289 0.24583350003778642
448000 0.549106818379844 0.2448436460412508
449000 0.746751151851534 0.2438581816411523
450000 0.7148226025822584 0.2428770777030011
451000 0.5425943146309218 0.24190030534956586
452000 0.460331428909135 0.24092783595803985
453000 0.5396062289741638 0.23995964115724594
454000 0.6611383525416362 0.2389956928248766
455000 0.5834566345190341 0.23803596308477143
456000 0.6463444569990417 0.23708042430423
457000 0.7512526592064654 0.2361290490913598
458000 0.5999072826161178 0.2351818102924586
459000 0.6351982838473863 0.23423868098943118
460000 0.8951578710323489 0.23329963449723928
461000 0.732041453505515 0.2323646443613852
462000 0.6455752233637576 0.2314336843554271
463000 0.836843079603501 0.23050672847852688
464000 0.7780813003813224 0.22958375095302958
465000 0.841874113187253 0.22866472622207407
466000 0.645870121928609 0.22774962894723377
467000 0.54270247369238 0.22683843400618808
468000 0.7573380710542621 0.2259311164904234
469000 0.7934911551306971 0.22502765170296357
470000 0.6099131480000645 0.2241280151561285
471000 0.2549057376462798 0.22323218256932226
472000 1.143971283185854 0.22234012986684865
473000 0.34664258640008383 0.22145183317575384
474000 0.4246510433991617 0.22056726882369715
475000 0.7246172094377097 0.21968641333684835
476000 0.46549861230170253 0.2188092434378106
477000 0.6601818221115832 0.21793573604357053
478000 0.7630447183972772 0.21706586826347313
479000 0.4537282193073656 0.2161996173972222
480000 0.4636357596150976 0.215336960932906
481000 0.3029136873709814 0.21447787654504663
482000 0.41833757877920663 0.21362234209267417
483000 0.629918934162097 0.21277033561742498
484000 0.7491776215014037 0.21192183534166242
485000 0.7401105136313938 0.21107681966662167
486000 0.524684343582843 0.21023526717057694
487000 0.7414977030808799 0.20939715660703134
488000 0.7339774079660966 0.2085624669029289
489000 0.5730490772570153 0.20773117715688794
490000 0.5645480538773792 0.20690326663745678
491000 0.6798201380443243 0.20607871478139062
492000 0.49723500405543575 0.20525750119194813
493000 0.5742409811658673 0.20443960563721048
494000 0.7438037685885691 0.20362500804841938
495000 0.7609388889451912 0.2028136885183356
496000 0.4401036327927042 0.20200562729961768
497000 0.3975102159502343 0.20120080480321928
498000 0.5222445133949843 0.2003992015968064
499000 0.7544040118910322 0.1996007984031936
500000 0.6953208847109922 0.19880557609879845
501000 0.8672334451521218 0.19801351571211456
502000 1.0135811939315642 0.1972245984222033
503000 0.6450146732876616 0.19643880555720244
504000 0.4396215384797365 0.19565611859285387
505000 0.5573075128802462 0.1948765191510471
506000 0.5947282233352476 0.19409998899838116
507000 0.5830269642022894 0.19332651004474355
508000 0.6062405248750472 0.19255606434190448
509000 0.3920243184434862 0.19178863408212932
510000 0.8976419095677218 0.19102420159680644
511000 0.5539915983234115 0.19026274935509102
512000 0.4442697938795763 0.18950425996256515
513000 0.7314644803187974 0.18874871615991323
514000 0.7321399348683445 0.18799610082161256
515000 0.6104572884781365 0.18724639695464007
516000 0.8838295096804134 0.1864995876971925
517000 0.7922094761328153 0.18575565631742297
518000 0.7654824644817388 0.18501458621219108
519000 1.0049355406631244 0.1842763609058275
520000 0.7700399696823236 0.18354096404891368
521000 1.0878366331610239 0.18280837941707412
522000 0.677215932893896 0.18207859090978346
523000 0.5767904128033473 0.18135158254918732
524000 0.9870572821392133 0.1806273384789357
525000 0.8543783384638797 0.1799058429630303
526000 0.6986171967618066 0.17918708038468523
527000 0.8955508595763011 0.17847103524519958
528000 0.3456318961737675 0.17775769216284415
529000 0.5507671749813141 0.17704703587175935
530000 0.8125386124896282 0.17633905122086652
531000 0.8474662247912218 0.17563372317279136
532000 0.8478102182667944 0.17493103680279892
533000 0.39481121408780695 0.174230977297741
534000 0.5941454448638726 0.17353352995501536
535000 0.5265879104399138 0.17283868018153636
536000 0.8243125551259584 0.1721464134927172
537000 1.0748995502402112 0.1714567155114632
538000 0.7021812032738534 0.17076957196717674
539000 0.667345431277498 0.17008496869477313
540000 0.7252319027259702 0.16940289163370675
541000 0.39826296793500393 0.16872332682700897
542000 0.8399960311183231 0.16804626042033582
543000 0.6060028556792458 0.16737167866102654
544000 0.8343223074746302 0.16669956789717266
545000 0.5751694065201725 0.1660299145766967
546000 0.7208581305188061 0.16536270524644142
547000 0.8731654255298954 0.16469792655126902
548000 0.6777382115235476 0.16403556523317003
549000 0.5233134375572931 0.1633756081303817
550000 0.5574658257864247 0.1627180421765166
551000 0.5716147119714164 0.1620628543996997
552000 0.6496050326187228 0.16141003192171616
553000 0.629263343414261 0.16075956195716679
554000 0.6415629512850736 0.1601114318126337
555000 0.7521921715735413 0.15946562888585486
556000 0.7142542727625636 0.15882214066490674
557000 0.7015274179155768 0.15818095472739674
558000 0.5829941050470282 0.15754205873966354
559000 0.5639969966206202 0.15690544045598642
560000 0.6625427844108445 0.15627108771780285
561000 0.764258561289102 0.15563898845293428
562000 0.6159626440285695 0.15500913067482053
563000 0.41835027493505195 0.15438150248176224
564000 0.6283876941822234 0.1537560920561704
565000 0.7253807889415573 0.15313288766382582
566000 1.0419247785212284 0.1525118776531445
567000 0.4949241141760278 0.1518930504544514
568000 0.744439419501769 0.15127639457926256
569000 0.564305791930267 0.15066189861957352
570000 0.6863368060947991 0.15004955124715613
571000 0.7338673421371493 0.14943934121286234
572000 0.5099275790404083 0.14883125734593533
573000 0.5896129450774612 0.14822528855332817
574000 0.5264960026161603 0.14762142381902865
575000 1.0250683203537863 0.1470196522033922
576000 0.8613301991650416 0.14641996284248116
577000 0.5503217351623487 0.14582234494741092
578000 0.7730452521687768 0.14522678780370302
579000 0.8261143207026211 0.1446332807706447
580000 0.4916510491071902 0.14404181328065524
581000 0.6825735222500797 0.1434523748386589
582000 0.602945900255062 0.14286495502146396
583000 0.37497632597235914 0.14227954347714827
584000 0.7902747328472868 0.14169612992445146
585000 0.6388605774512663 0.1411147041521727
586000 0.47294713316578774 0.14053525601857514
587000 0.5986252111151481 0.1399577754507963
588000 0.7061909053694722 0.13938225244426405
589000 0.6381449998288288 0.13880867706211947
590000 0.5194768598571409 0.13823703943464427
591000 0.7951822797551297 0.1376673297586951
592000 0.782804676602789 0.1370995382971431
593000 0.4168753433925139 0.13653365537831902
594000 0.4644807493358838 0.13596967139546418
595000 0.5443756358514321 0.1354075768061867
596000 0.5491497497775321 0.13484736213192344
597000 0.24249480467872064 0.13428901795740744
598000 0.7711537458717795 0.13373253493013976
599000 0.7502920029702085 0.133177903759868
600000 0.7529360557747695 0.13262511521806886
601000 0.713688030962852 0.1320741601374366
602000 0.438647507446532 0.13152502941137595
603000 0.4911852357961012 0.13097771399350067
604000 0.6440202359619055 0.13043220489713642
605000 0.5399089860386588 0.12988849319482948
606000 1.0037234202789178 0.12934657001785904
607000 0.40269864461805993 0.12880642655575547
608000 0.5667851054546323 0.1282680540558228
609000 0.6269730944998471 0.12773144382266566
610000 0.7553085773672021 0.12719658721772148
611000 0.5138760265059213 0.12666347565879665
612000 0.7722094388874268 0.12613210061960772
613000 0.7281284143561099 0.12560245362932676
614000 0.7753928336964211 0.12507452627213111
615000 0.5628094379436077 0.12454831018675777
616000 0.45825262934769445 0.12402379706606209
617000 0.29450974620452997 0.12350097865658022
618000 0.43769839587364795 0.12297984675809676
619000 0.49240042796762956 0.12246039322321545
620000 0.8383982100024061 0.12194260995693501
621000 0.3110212590588927 0.12142648891622854
622000 0.6198864053645197 0.12091202210962693
623000 0.4715206621847139 0.1203992015968064
624000 0.44451108885208523 0.11988801948818018
625000 0.6193721471157163 0.1193784679444938
626000 0.4557467545154659 0.11887053917642426
627000 0.5911441126217594 0.11836422544418324
628000 0.822878455542402 0.11785951905712383
629000 0.4904592243880309 0.11735641237335159
630000 0.4151617865421917 0.11685489779933805
631000 0.3358756853780845 0.11635496778953941
632000 0.42424592397309363 0.11585661484601772
633000 0.5366312059784845 0.11535983151806622
634000 0.3860146042963266 0.11486461040183787
635000 0.7568898511020135 0.11437094413997756
636000 0.5338735976312986 0.11387882542125782
637000 0.5175739229596225 0.11338824698021799
638000 0.784150885740843 0.11289920159680639
639000 0.5889779251977486 0.11241168209602637
640000 0.4075552191589419 0.11192568134758518
641000 0.5147112774807361 0.11144119226554666
642000 0.5207395632217405 0.11095820780798654
643000 0.27788347479477826 0.1104767209766514
644000 0.7163780915574762 0.10999672481662065
645000 0.6335960567129616 0.10951821241597176
646000 0.6851966665215837 0.1090411769054484
647000 0.5874382943388579 0.10856561145813148
648000 0.5758765998362324 0.1080915092891141
649000 0.6285714377919763 0.10761886365517814
650000 0.36780062896167653 0.1071476678544751
651000 0.49674223604002343 0.10667791522620917
652000 0.2463699215725365 0.10620959915032319
653000 0.43919156261380726 0.10574271304718807
654000 0.4733471521329705 0.10527725037729418
655000 0.6643086425254346 0.1048132046409464
656000 0.5506134826172872 0.10435056937796139
657000 0.2525979541060712 0.10388933816736784
658000 0.9112905951892716 0.10342950462710943
659000 0.8148117475861727 0.10297106241375042
660000 0.6100724346712731 0.10251400522218401
661000 0.8481398760720518 0.10205832678534332
662000 0.49915789905588687 0.10160402087391485
663000 0.5029406836711688 0.10115108129605449
664000 0.5592524878899929 0.10069950189710669
665000 0.4060703978659287 0.10024927655932514
666000 0.5133992139737013 0.09980039920159683
667000 0.32949065980017767 0.09935286377916813
668000 0.5317953092411709 0.09890666428337352
669000 0.5240716028187465 0.09846179474136674
670000 0.4643520481503429 0.098018249215854
671000 0.7785608010943347 0.09757602180483016
672000 0.628258793511718 0.09713510664131675
673000 0.5957426296378152 0.09669549789310267
674000 0.4247405690457603 0.09625718976248687
675000 0.621409523382884 0.09582017648602353
676000 0.7210882810008452 0.09538445233426951
677000 0.3742584208120435 0.09495001161153394
678000 0.1874603701804784 0.09451684865562993
679000 0.5158289294451656 0.09408495783762866
680000 0.6026837166011965 0.09365433356161573
681000 0.5384925688228263 0.09322497026444915
682000 0.7657035618118976 0.09279686241551982
683000 0.3817561216061752 0.09237000451651445
684000 0.1485624229352216 0.09194439110117952
685000 0.6683000296000465 0.09152001673508875
686000 0.618506055947512 0.09109687601541105
687000 0.28866789782628827 0.09067496357068155
688000 0.7188694159053168 0.09025427406057457
689000 0.5826185537816944 0.08983480217567763
690000 0.4888568718417852 0.08941654263726884
691000 0.5214524422102809 0.08899949019709502
692000 0.517756397168599 0.08858363963715221
693000 0.5691498778230802 0.0881689857694683
694000 0.6099181600915125 0.08775552343588688
695000 0.520415748783773 0.08734324750785377
696000 0.5614469023290105 0.0869321528862047
697000 0.547717193959379 0.0865222345009552
698000 0.5410492472138306 0.08611348731109214
699000 0.4313401223945584 0.08570590630436709
700000 0.32073155525124447 0.08529948649709129
701000 0.5096414004167361 0.084894222933933
702000 0.4592990528273645 0.0844901106877155
703000 0.33976370577360665 0.08408714485921776
704000 0.407432886783908 0.08368532057697642
705000 0.5643501065233142 0.08328463299708927
706000 0.5646241458766786 0.08288507730302108
707000 0.456592009274883 0.08248664870541011
708000 0.49017768583707616 0.08208934244187682
709000 0.4211607119434577 0.08169315377683456
710000 0.7867553185664118 0.08129807800130079
711000 0.7312740313132353 0.08090411043271106
712000 0.6951650276414018 0.08051124641473362
713000 0.6017125186017973 0.08011948131708613
714000 0.5223594608775104 0.07972881053535391
715000 0.2892866480440741 0.07933922949080924
716000 0.16609802702083568 0.07895073363023258
717000 0.5578402503674155 0.0785633184257355
718000 0.6186452690015067 0.07817697937458418
719000 0.4323126720587442 0.07779171199902557
720000 0.4364032241450345 0.07740751184611389
721000 0.5164708588195138 0.07702437448753946
722000 0.2856084329849993 0.07664229551945834
723000 0.3583696478545739 0.07626127056232368
724000 0.4703794574660318 0.07588129526071824
725000 0.3336716894252758 0.07550236528318882
726000 0.4328583124518663 0.07512447632208114
727000 0.4156844589622947 0.07474762409337704
728000 0.085002433454811 0.07437180433653245
729000 0.13114664667907827 0.07399701281431664
730000 0.6026078247131489 0.07362324531265341
731000 0.4170093872521525 0.0732504976404626
732000 0.22923951045689345 0.07287876562950396
733000 0.6633359870607611 0.07250804513422138
734000 0.5091114437228256 0.07213833203158904
735000 0.4443967463536416 0.0717696222209584
736000 0.5230434588435717 0.07140191162390669
737000 0.36336926671037084 0.07103519618408649
738000 0.3857605469083387 0.07066947186707667
739000 0.18971140481273457 0.07030473466023424
740000 0.49544221077097994 0.0699409805725476
741000 0.27786363555176724 0.06957820563449146
742000 0.49658405854989485 0.0692164058978817
743000 0.5356653810984452 0.06885557743573256
744000 0.45626086571081736 0.06849571634211471
745000 0.5367068135510809 0.06813681873201388
746000 0.1653242714276122 0.06777888074119143
747000 0.41020182185399434 0.06742189852604541
748000 0.3987834629909027 0.06706586826347305
749000 0.46182091406145825 0.0667107861507345
750000 0.27584735072297806 0.06635664840531702
751000 0.44085347957027143 0.06600345126480112
752000 0.06649622398898547 0.06565119098672684
753000 0.5225761557353973 0.06529986384846204
754000 0.2947045473586841 0.06494946614707098
755000 0.20321606655178498 0.06459999419918422
756000 0.24559229559376874 0.06425144434086971
757000 0.5426982942443921 0.06390381292750469
758000 0.40629071140750894 0.06355709633364848
759000 0.3172757426932649 0.06321129095291678
760000 0.6139401576418682 0.06286639319785631
761000 0.1675483451470291 0.0625223994998208
762000 0.11890244601372335 0.06217930630884827
763000 0.40579325405339817 0.06183711009353843
764000 0.26758157645013086 0.061495807340931685
765000 0.619949989656984 0.06115539455638919
766000 0.5296804691138166 0.06081586826347307
767000 0.31376002770417144 0.060477225003828516
768000 0.3084860599209238 0.06013946133706616
769000 0.5051503513679366 0.05980257384064558
770000 0.3968964193701925 0.05946655910975979
771000 0.21671124071436199 0.059131413757220364
772000 0.33091569882547467 0.05879713441334383
773000 0.1774325994191605 0.05846371772583864
774000 0.3545091530133375 0.05813116035969301
775000 0.46012286005953174 0.05779945899706379
776000 0.44338849582380135 0.057468610337166326
777000 0.5523955072304051 0.05713861109616453
778000 0.3782901637796624 0.05680945800706283
779000 0.4041194845105681 0.05648114781959768
780000 0.3258174542553121 0.05615367730013121
781000 0.464367148157955 0.05582704323154458
782000 0.3276621560042755 0.05550124241313292
783000 0.18147988461911357 0.05517627166050065
784000 0.2593870507188064 0.054852127805457784
785000 0.34234361922227685 0.05452880769591695
786000 0.11792572300369969 0.05420630819579114
787000 0.16908276622900048 0.05388462618489259
788000 0.2151164939218807 0.053563758558831664
789000 0.30584062393643513 0.05324370222891761
790000 0.08478519259569699 0.05292445412205893
791000 0.3904069047373573 0.05260601118066516
792000 0.2083852998010579 0.05228837036254946
793000 0.4431154613767992 0.051971528640831544
794000 0.09118868205866654 0.05165548300384154
795000 0.39459703463903717 0.05134023045502473
796000 0.20226960376670491 0.05102576801284647
797000 0.2856848143675013 0.050712092710698764
798000 0.4390914153206865 0.05039920159680639
799000 0.3864876977106985 0.050087091734134725
800000 0.31528857901786833 0.04977576020029767
801000 0.3926527996686619 0.049465204087466436
802000 0.523035244737251 0.04915542050227906
803000 0.36754780864992137 0.048846406565750455
804000 0.38275109949062225 0.04853815941318354
805000 0.15039577204796648 0.048230676194080224
806000 0.07356137219793173 0.04792395407205391
807000 0.3435576467084694 0.04761799022474211
808000 0.4534353128720785 0.04731278184371998
809000 0.36639605152813537 0.0470083261344143
810000 0.22028531211121613 0.046704620316018186
811000 0.20955455637156328 0.046401661621406604
812000 0.23137785676387967 0.046099447297052065
813000 0.2566647065079057 0.04579797460294141
814000 0.06537811904234721 0.045497240812492706
815000 0.2700176590903902 0.04519724321247351
816000 0.18094834711742142 0.04489797910291887
817000 0.3122933896298117 0.04459944579705061
818000 0.4503760741900482 0.04430164062119665
819000 0.21996659499020133 0.044004560914711416
820000 0.5719557078371122 0.04370820402989645
821000 0.45983368210394937 0.043412567331921864
822000 0.26455397543348025 0.04311764819874819
823000 0.2496781050730748 0.04282344402104882
824000 0.12324480891285011 0.042529952202133264
825000 0.10240893212931915 0.042237170157870485
826000 0.18619417537065003 0.04194509531661317
827000 0.6237668721065365 0.041653725119122464
828000 0.371392459667355 0.04136305701849316
829000 0.2609912269062076 0.041073088480079595
830000 0.13797651332876038 0.040783816981421805
831000 0.05387790364034511 0.040495240012172584
832000 0.12452073639270861 0.04020735507402462
833000 0.19591626637033419 0.03992015968063872
834000 0.2934469892563689 0.039633651357571964
835000 0.1679481106852941 0.03934782764220665
836000 0.3554171295673321 0.03906268608367994
837000 0.21959082371211167 0.038778224242813575
838000 0.15052448333454935 0.038494439692044524
839000 0.42560213961896765 0.03821133001535573
840000 0.19197284579893972 0.037928892808207826
841000 0.12621869809295172 0.037647125677470694
842000 0.2817889183033448 0.037366026241356154
843000 0.2895616489843415 0.03708559212935078
844000 0.3574294032231578 0.03680582098214921
845000 0.23921718252965393 0.03652671045158801
846000 0.30110644861913516 0.03624825820058
847000 0.17476306015862852 0.03597046190304906
848000 0.5799693182330392 0.03569331924386521
849000 0.2922342517176464 0.035416827918780536
850000 0.17718558826249847 0.035140985634365074
851000 0.11616675692724454 0.03486579010794358
852000 0.2909395434208351 0.03459123906753239
853000 0.5021065415038134 0.03431733025177719
854000 0.26959606540967096 0.034044061409890525
855000 0.20027126959417763 0.03377143030159052
856000 0.31827297656332365 0.033499434697039476
857000 0.37335181753261953 0.0332280723767831
858000 0.22792734415985638 0.032957341131690104
859000 0.17524301987698912 0.03268723876289234
860000 0.3919210562241461 0.0324177630817252
861000 0.15174044909314394 0.03214891190966851
862000 0.19513958204056264 0.0318806830782879
863000 0.27806929354060306 0.03161307442917638
864000 0.10046803920711102 0.03134608381389645
865000 0.10025947208945221 0.03107970909392288
866000 0.07744386602658909 0.03081394814058519
867000 0.05185872229569858 0.030548798835011243
868000 0.04681819270733365 0.03028425906807078
869000 0.257505667564202 0.030020326740319625
870000 0.05059021618456509 0.029756999761944042
871000 0.1749376431799024 0.029494276052705576
872000 0.2344006433144495 0.029232153541886463
873000 0.08957556511777756 0.02897063016823495
874000 0.11451213528471971 0.028709703879911425
875000 0.10865582511788557 0.028449372634434672
876000 0.1904797415825265 0.028189634398628732
877000 0.061273387102359314 0.02793048714856977
878000 0.14662813536584052 0.02767192886953368
879000 0.1379842468416633 0.027413957555943752
880000 0.13617151846728423 0.027156571211318842
881000 0.11151722065571579 0.02689976784822201
882000 0.13875803075704177 0.026643545488209103
883000 0.18852070656572928 0.026387902161778137
884000 0.32685326164034945 0.02613283590831883
885000 0.38141932771712017 0.025878344776062323
886000 0.17073420820396656 0.025624426822031643
887000 0.1638646993175765 0.02537108011199196
888000 0.181331072955335 0.025118302720401886
889000 0.13071081205072305 0.024866092730364192
890000 0.06862323236505481 0.024614448233577696
891000 0.14198013148339314 0.024363367330289043
892000 0.1711916760558368 0.024112848129244885
893000 0.09226503846381223 0.02386288874764439
894000 0.18237267543482777 0.023613487311092113
895000 0.21696132635536156 0.02336464195355112
896000 0.19997295664891862 0.02311635081729635
897000 0.0909573164500357 0.022868612052868664
898000 0.10881112556887616 0.022621423819028597
899000 0.18277638588302655 0.022374784282710947
900000 0.12103771820921862 0.022128691618979346
901000 0.17752724546861962 0.021883144010981376
902000 0.1779431655460732 0.021638139649903743
903000 0.10390277298477467 0.021393676734927924
904000 0.11201780836375363 0.021149753473186067
905000 0.11430117390812632 0.020906368079717075
906000 0.10259362299496065 0.020663518777423118
907000 0.1497764869915139 0.020421203797026416
908000 0.09369631439854131 0.020179421377026163
909000 0.07301704522250707 0.019938169763656005
910000 0.07903225437883699 0.01969744721084149
911000 0.03379791277974709 0.01945725198015799
912000 0.09503134484170739 0.01921758234078888
913000 0.048069717125938397 0.018978436569483975
914000 0.04614585997687913 0.018739812950518187
915000 0.12515751295448965 0.018501709775650438
916000 0.18840023139224238 0.018264125344083088
917000 0.21682464740047827 0.018027057962421184
918000 0.23794243267630366 0.017790505944632495
919000 0.24847061192241796 0.01755446761200724
920000 0.13904460757634884 0.017318941293118728
921000 0.11472132958192492 0.01708392532378364
922000 0.16810076651768915 0.016849418047022835
923000 0.08299361572613516 0.016615417813022615
924000 0.10041211339426252 0.016381922979095798
925000 0.07582708089470758 0.016148931909643505
926000 0.12408151436842588 0.015916442976116746
927000 0.07587437331685189 0.015684454556978644
928000 0.15682550661973257 0.015452965037666577
929000 0.10223870301237244 0.01522197281055504
930000 0.13298959884940498 0.01499147627491798
931000 0.08361362815467437 0.014761473836892136
932000 0.1599313062601669 0.014531963909440226
933000 0.10150274656368773 0.014302944912314403
934000 0.07140681172706889 0.01407441527202008
935000 0.03736517354721968 0.01384637342177969
936000 0.04545135695086577 0.013618817801497207
937000 0.09696791969924562 0.013391746857722236
938000 0.05874785011547396 0.013165159043614927
939000 0.06900045346537781 0.012939052818910557
940000 0.08433508176844275 0.012713426649884979
941000 0.0871742395119988 0.012488279009319647
942000 0.08626958018505576 0.012263608376467422
943000 0.120657001406772 0.012039413237018043
944000 0.07515566618273249 0.011815692083064322
945000 0.049984920419438215 0.011592443413068282
946000 0.0768088786512191 0.011369665731827516
947000 0.06826068938762406 0.011147357550441828
948000 0.06616363461717108 0.01092551738628006
949000 0.05954818033722577 0.010704143762947288
950000 0.060733055464150726 0.010483235210251768
951000 0.039991092218001886 0.010262790264172622
952000 0.06917939168359714 0.01004280746682737
953000 0.07627779951511002 0.009823285366439921
954000 0.06635376267098372 0.009604222517308497
955000 0.06850931308250896 0.009385617479774039
956000 0.052167868668163725 0.009167468820188457
957000 0.061161205898012355 0.008949775110883545
958000 0.0794202117867481 0.00873253493013973
959000 0.06590695487380256 0.008515746862155005
960000 0.06735318177725742 0.008299409497014298
961000 0.11756016689571835 0.008083521430658963
962000 0.07181768300566242 0.007868081264856192
963000 0.06334405989953337 0.007653087607169123
964000 0.05578382351593165 0.007438539070926453
965000 0.05580560066980475 0.007224434275193148
966000 0.06912272552733531 0.007010771844740277
967000 0.042145368124811455 0.006797550410015896
968000 0.04258301670034744 0.006584768607115682
969000 0.046207190190458304 0.006372425077753874
970000 0.04127829505935727 0.006160518469234405
971000 0.06124155483073547 0.005949047434422039
972000 0.058703777284901455 0.00573801063171403
973000 0.07017800980184269 0.005527406725011508
974000 0.06382194719025887 0.005317234383691638
975000 0.08596405793479726 0.0051074922825791735
976000 0.07677009801027405 0.004898179101918865
977000 0.06494644833195971 0.00468929352734776
978000 0.06624181376320161 0.0044808342498676434
979000 0.08268283369993057 0.004272799965817614
980000 0.07409382731678822 0.004065189376847106
981000 0.09118822289111242 0.003858001189888799
982000 0.0734881506064857 0.0036512341171315854
983000 0.08502369515799053 0.003444886875994202
984000 0.07239073720910558 0.003238958189098501
985000 0.08654446307822905 0.0030334467842430823
986000 0.0783007796368688 0.00282835139437726
987000 0.0833789010714121 0.0026236707575748586
988000 0.08329646252594879 0.002419403617008431
989000 0.08342614556402891 0.0022155487209234437
990000 0.06726512615182109 0.0020121048226128535
991000 0.06775246907735352 0.001809070680391489
992000 0.071218868984342 0.0016064450575709877
993000 0.0685396686833776 0.0014042267224345373
994000 0.06552516519269555 0.0012024144482120358
995000 0.06530190141675571 0.0010010070130551663
996000 0.07156919757084253 0.0008000032000127777
997000 0.06557001899001998 0.0005994017970065713
998000 0.0669374911584665 0.0003992015968063978
999000 0.06509765399601687 0.00019940139700619364
(0, 9.999998855447888, 6797528173658.549, 2319329.733491933)
[[0, 1, 2], [48], [68, 69, 77, 78, 79, 87, 89, 97, 98, 99], [29], [75, 76], [21, 31], [36], [56], [51], [5, 6, 7, 16, 17], [3, 4], [13, 14, 15, 23, 25, 26, 27, 33, 34, 35, 37, 38, 39, 45, 46, 47, 49, 55, 57, 58, 59, 65, 66, 67], [85, 86, 90, 91, 92, 93, 94, 95, 96], [73], [53], [71], [8, 9, 18, 19, 28], [24], [10, 11, 12, 20, 22, 30, 32, 40, 41, 42, 43, 44, 50, 52, 54, 60, 61, 62, 63, 64, 70, 72, 74, 80, 81, 82, 83, 84], [88]]
<html>
  <head>
    <title>Gerry</title>
    <script src='https://cdnjs.cloudflare.com/ajax/libs/mathjax/2.7.4/MathJax.js?config=TeX-MML-AM_CHTML' async></script>
    <script type="text/x-mathjax-config">
    MathJax.Hub.Config({
      tex2jax: {inlineMath: [['$','$'], ['\\(','\\)']]}
    });
    </script>
    <style type="text/css">
      body {
        background-color: black;
        color: white;
        font-family: Arial;
        margin-bottom: 30px;
      }
      .header {
        text-align: center;
        font-weight: bold;
      }
      .header .logo {
        font-size: 100pt;
        transform: rotate(-45deg);
      }
      .header .name {
        font-size: 24pt;
      }

      .content {
        max-width: 800px;
        margin: 0 auto;
      }

      table.requirements {
        border-collapse: collapse;
        width: 100%;
      }

      table.requirements th, td {
        padding: 15px;
        text-align: left;
        border-bottom: 1px solid #ddd;
      }

      table.requirements tr:last-child td {
        border-bottom: none;
      }
      
      a {
        color: white;
      }

      .submission-error {
        color: red;
      }

      .submission-success {
        color: green;
      }
    </style>
  </head>
  <body>
    <div class="header">
      <div class="logo">E</div>
      <div class="name">E CORP</div>
    </div>

    <div class="content">
      <h2>TICKET #CONSULT-49343</h2>

      
<h3>Summary</h3>
<p>A certain political party has reached out to us asking for help drawing the districts before an upcoming election. They need to win more seats in an oddly grid like state. Help them win while remaining within fairness criteria imposed by the local redistricting committee.</p>

<h3>Technical Details</h3>
<h4>Districts and Blocks</h4>
<p>
  The state is an $n$ by $n$ grid, composed of $n^2$ different blocks.
  Sets of blocks can be combined into $D$ different districts.
  Blocks are labeled by integers $0 \leq i \lt n^2$.
  A block's coordinate is $(\lfloor i/n \rfloor, i\ \mathrm{mod}\ n)$, its neighbors are the blocks it shares a full side with.
  You will be provided $a_i$ and $b_i$ for each district $i$, these are the number of voters of party A and B, respectively. The population of a block is $a_i + b_i$.
  For this problem, $n = 10, D = 20$.
</p>

<h4>How To Win</h4>
<p>
  The client only cares about one thing: maximizing the number of districts party A expects to win.
  Each voter in party X will vote for party X with a $60\%$ chance.
  The client is ok with the following approximations:
  <ul>
    <li>$\mathrm{Bin}(n, p) = \mathrm{N}(np, np(1-p))$</li>
    <li>$\mathbb{E}[\text{number of districts party A wins}] = \sum_j \mathbb{P}(\text{party A wins district } j)$</li>
  </ul>
</p>

<h4>Districting Requirements</h4>
<p>
  The redistricting committee has a few requirements for any redistricting plan:
  <ul>
    <li>Each block must be assigned to a single district.</li>
    <li>Each district must have at least 1 block.</li>
    <li>Each district is contigious -- each block in a district is reachable by other blocks in that district.</li>
  </ul>

  The redistricting committee also cares about fairness so they inspect the following additional metrics:
  <ul>
    <li>District Population Imbalance - The sum of square differences between each district's population and the mean district population.</li>
    <li>
      Expected Efficiency Gap - The efficiency gap is a metric that is meant to quantitatively indicate gerrymandering.
      First, compute the number of wasted votes for both parties. A wasted vote is any vote in a district where the party lost the elction, or any vote beyond what was needed to win in a district where the party won.
      Then take the subtract the number of wasted votes for party B from the number of wasted votes for party A and divide that number by total population.
      A largely negative value is associated with gerrymandering in favor of party A.
      Since this metric can only be computed given an election, the committee only cares about its value in expectation.
    </li>
  </ul>
</p>

<h4>The Other Consultant</h4>
<p>
  Our client has already reached out to another consultant, who has provided a solution with the following properties. You must submit a labeling that is at least as good in each metric.
</p>

<!-- 73 -->

<table class="requirements">
  <thead>
    <tr>
      <th>Metric</th>
      <th>Competitor Value</th>
      <th>Direction</th>
    </tr>
  </thead>
  <tbody>
    <tr>
      <td>Expected Party A Districts</td>
      <td>$ 10 $</td>
      <td>higher is better</td>
    </tr>
    <tr>
      <td>District Population Imbalance</td>
      <td>$ 164 \times 10^{10}$</td>
      <td>lower is better</td>
    </tr>
    <tr>
      <td>Expected Efficiency Gap</td>
      <td>$ -0.074 $</td>
      <td>higher is better</td>
    </tr>
  </tbody>
</table>

<a id="submission"></a>
<h4>Submission</h4>

<p>You can obtain your voter data at <a href="/u/dratini0_cfb7da/voters.json">voters.json</a></p>
<p>To submit an answer to this puzzle, submit JSON in this format:</p>
<pre><code>
[
  [0, 1, 2],
  [3, 4, 5]
]
</code></pre>
This example signifies two districts, one containing blocks 0, 1, and 2. The other containing 3, 4, and 5.

<form method="POST">
  <textarea name="json" cols="80"></textarea>
  <br />
  <input type="submit" value="Evaluate" />
</form>




<div class="submission-error">
  <h4>Submission Error</h4>
<p>Violated bounds for District Population Imbalance, Expected Party A Districts</p>
</div>




    </div>
  </body>
</html>
