VPIPwCFEBpwxrLW9TZ4dDXTFVF1VN6U+JOS+3xjN
0 4.0 0.8333333333333334
1000 1.695204124232592 0.828358208955224
2000 1.1584906137111943 0.8234323432343235
3000 1.788002817251515 0.8185550082101808
4000 1.647133315615454 0.8137254901960784
5000 1.8015785231628305 0.8089430894308944
6000 1.6053908499215988 0.8042071197411004
7000 1.708584183899354 0.7995169082125605
8000 1.2391828468614494 0.7948717948717948
9000 1.2588382651907408 0.7902711323763957
10000 1.3555923234619325 0.7857142857142857
11000 1.7247543350690409 0.7812006319115324
12000 1.5766045575802683 0.7767295597484276
13000 1.9420697675738103 0.7723004694835681
14000 1.4435044801727894 0.7679127725856698
15000 1.5965759936601929 0.7635658914728682
16000 1.3478693731509652 0.7592592592592592
17000 1.604476404600267 0.7549923195084486
18000 1.5696161956616677 0.7507645259938838
19000 1.3340403052546683 0.7465753424657535
20000 1.2941412014128248 0.7424242424242424
21000 0.9825684944741374 0.7383107088989442
22000 1.353022947751004 0.7342342342342344
23000 1.7715219561574247 0.7301943198804186
24000 1.88257458976625 0.7261904761904762
25000 1.3569398395363486 0.7222222222222222
26000 1.2757259031378159 0.7182890855457228
27000 1.6922216603305256 0.7143906020558003
28000 1.2567003550891809 0.7105263157894737
29000 1.8469609587539502 0.7066957787481806
30000 1.4002183921551432 0.7028985507246378
31000 1.95516926646583 0.6991341991341992
32000 1.5980041815292767 0.6954022988505748
33000 1.5455588953135084 0.6917024320457797
34000 1.47802390164183 0.6880341880341881
35000 1.7979986864031814 0.6843971631205674
36000 1.0783895017000469 0.6807909604519775
37000 1.5215187922253897 0.6772151898734177
38000 1.9433822548205286 0.6736694677871149
39000 1.6114688202556713 0.6701534170153417
40000 1.413940500363376 0.6666666666666667
41000 1.6801872210340636 0.6632088520055325
42000 1.5010000827281686 0.6597796143250689
43000 1.4886797395739588 0.6563786008230454
44000 1.5800235262424527 0.6530054644808744
45000 1.3246137141308258 0.6496598639455782
46000 1.3317913434202802 0.6463414634146342
47000 1.2314986424861856 0.6430499325236169
48000 1.6083523156348485 0.6397849462365592
49000 1.4226827337002133 0.6365461847389557
50000 1.5251290749989599 0.6333333333333334
51000 1.7327392886071067 0.6301460823373175
52000 1.6104057736620716 0.626984126984127
53000 1.256872645058416 0.6238471673254281
54000 1.5648849882657796 0.6207349081364829
55000 0.9936616761991953 0.6176470588235295
56000 1.314744704674291 0.6145833333333334
57000 1.339576604317608 0.6115434500648508
58000 1.4476964401059151 0.6085271317829457
59000 1.62640996339363 0.6055341055341056
60000 1.1979035196950318 0.6025641025641025
61000 1.0856938310525357 0.599616858237548
62000 1.2914118530337635 0.5966921119592875
63000 1.4771951597022512 0.593789607097592
64000 1.4454270176677826 0.5909090909090909
65000 1.8632577683829763 0.5880503144654089
66000 1.5337707835255152 0.5852130325814536
67000 1.7089031958102723 0.5823970037453184
68000 1.5814081082613616 0.5796019900497512
69000 1.7024645465318975 0.576827757125155
70000 1.2365390094104198 0.5740740740740741
71000 1.6745215190730787 0.5713407134071341
72000 1.5325871177480836 0.5686274509803922
73000 1.7726169620699748 0.5659340659340659
74000 1.2253919899704786 0.5632603406326034
75000 1.440222079170556 0.5606060606060607
76000 1.6660351643311988 0.5579710144927538
77000 1.2438518058668668 0.5553549939831529
78000 1.6282170305916224 0.552757793764988
79000 1.7799171242624003 0.5501792114695341
80000 1.6314083173108034 0.5476190476190477
81000 1.2448908005516983 0.5450771055753263
82000 1.474102400128205 0.5425531914893617
83000 1.3706543715466686 0.5400471142520613
84000 1.7305729426339163 0.5375586854460095
85000 1.182460667640661 0.5350877192982456
86000 1.5768762439131732 0.5326340326340328
87000 1.3930218089394888 0.5301974448315911
88000 1.7162279507347646 0.5277777777777778
89000 1.7956554251272752 0.5253748558246829
90000 1.5130965710853017 0.5229885057471265
91000 1.7462025208586882 0.520618556701031
92000 1.2760394331727163 0.5182648401826484
93000 1.5358327769361064 0.5159271899886235
94000 1.7022705655396417 0.5136054421768708
95000 1.4591059524281356 0.5112994350282486
96000 1.4458042483426137 0.509009009009009
97000 1.0256324810536321 0.5067340067340068
98000 1.4254070909576924 0.5044742729306488
99000 1.7559403332658985 0.5022296544035675
100000 1.193552980602627 0.5
101000 1.2797625163374695 0.4977851605758583
102000 1.509636344873938 0.4955849889624725
103000 1.436320937704167 0.49339933993399343
104000 1.6875621091296753 0.4912280701754387
105000 1.4713962226359105 0.4890710382513662
106000 1.533759164997383 0.48692810457516345
107000 1.2233102494394474 0.48479913137893593
108000 1.2563413964611325 0.4826839826839827
109000 1.1122286592869028 0.4805825242718448
110000 1.273475767336532 0.478494623655914
111000 1.8262565872089471 0.4764201500535905
112000 1.6976014230276437 0.47435897435897434
113000 1.767724916799076 0.47231096911608095
114000 1.3062042682644728 0.470276008492569
115000 1.1089858243094777 0.46825396825396826
116000 1.5462193116592453 0.4662447257383966
117000 1.1737408615321558 0.46424815983175605
118000 1.6504114305250956 0.46226415094339635
119000 1.8846556440207471 0.46029258098223624
120000 1.4235423290876081 0.45833333333333337
121000 1.4018103769911736 0.45638629283489096
122000 1.9366637156839797 0.4544513457556937
123000 1.6392701193999901 0.4525283797729619
124000 1.619715852497828 0.4506172839506173
125000 1.4621183234604263 0.4487179487179488
126000 1.2824254018648653 0.4468302658486708
127000 1.628214222553088 0.44495412844036697
128000 1.5827690822790417 0.44308943089430897
129000 1.1534997632992525 0.4412360688956434
130000 1.2712071244157825 0.43939393939393945
131000 1.8132351438212528 0.4375629405840886
132000 1.6053285730500129 0.4357429718875502
133000 1.3001077067680957 0.433933933933934
134000 1.999999050494177 0.43213572854291427
135000 1.4708716511419146 0.43034825870646765
136000 1.3249012644843696 0.4285714285714286
137000 1.5186534945215893 0.4268051434223541
138000 1.8770846793012919 0.42504930966469434
139000 0.9735972875448928 0.4233038348082596
140000 1.2912098252468016 0.42156862745098034
141000 1.4991269713566275 0.41984359726295206
142000 1.2779120673436126 0.41812865497076024
143000 1.3297783140553643 0.41642371234207975
144000 1.6065794447985442 0.4147286821705427
145000 1.876929251181547 0.4130434782608696
146000 1.2086587878908066 0.41136801541425827
147000 1.6720564954736423 0.409702209414025
148000 1.150361819746332 0.40804597701149425
149000 1.7149462746862114 0.4063992359121299
150000 1.580511499181548 0.40476190476190477
151000 1.6080169465257055 0.4031339031339032
152000 1.368969565387511 0.4015151515151516
153000 1.3303658958679208 0.3999055712936733
154000 1.5066497004424266 0.39830508474576276
155000 1.5595005093710723 0.39671361502347424
156000 0.8403396105767726 0.3951310861423222
157000 1.3535816426529992 0.3935574229691877
158000 1.4084522316306622 0.3919925512104283
159000 1.5333841016024699 0.39043639740018576
160000 1.1532404947511035 0.38888888888888895
161000 1.4156502224540413 0.38734995383194826
162000 1.5133430124912803 0.38581952117863727
163000 1.7547357917606754 0.3842975206611571
164000 0.9217552911390323 0.38278388278388276
165000 1.8070228401137736 0.3812785388127854
166000 1.303397218210493 0.3797814207650273
167000 1.5776802754854824 0.3782924613987285
168000 0.9386975424365092 0.37681159420289856
169000 1.5175883987726544 0.37533875338753386
170000 1.7348197846766367 0.37387387387387383
171000 1.7198492250433774 0.3724168912848158
172000 1.5499725272278022 0.370967741935484
173000 1.4426826202952543 0.36952636282395
174000 1.7977501208040474 0.36809269162210345
175000 0.8069305231323551 0.3666666666666667
176000 1.4011422055158866 0.36524822695035464
177000 1.652165847821273 0.36383731211317427
178000 1.3781843340167481 0.36243386243386255
179000 1.8257085552078958 0.36103781882146
180000 1.4810672280826305 0.35964912280701755
181000 1.287379667768874 0.3582677165354331
182000 0.8197132665827209 0.35689354275741714
183000 1.345308905705482 0.35552654482158397
184000 1.42079785027873 0.35416666666666674
185000 1.594779677462519 0.3528138528138528
186000 0.9031769358349085 0.35146804835924017
187000 1.4371031458686865 0.35012919896640826
188000 1.5407650262342796 0.3487972508591066
189000 1.4626748375409488 0.34747215081405314
190000 1.275034440913331 0.34615384615384626
191000 1.5065121844593947 0.344842284739983
192000 1.239254286387729 0.34353741496598644
193000 1.187466433385743 0.34223918575063617
194000 1.4109182279562007 0.3409475465313029
195000 1.2630391467470794 0.3396624472573839
196000 1.035475218650807 0.33838383838383845
197000 1.4517991384121336 0.3371116708648195
198000 1.4720790961397694 0.3358458961474037
199000 1.4826002310306654 0.33458646616541354
200000 1.378034058070373 0.33333333333333337
201000 1.5330853059441583 0.33208645054031594
202000 1.7218078818548475 0.3308457711442787
203000 1.118627394677028 0.3296112489660876
204000 1.312978959559587 0.3283828382838284
205000 1.2949752118262037 0.3271604938271605
206000 1.4287102034520605 0.32594417077175697
207000 1.4003166710719666 0.3247338247338247
208000 1.7014060707483631 0.32352941176470584
209000 1.721976021429678 0.32233088834555834
210000 1.5036772583326405 0.32113821138211385
211000 1.3182448140863425 0.3199513381995135
212000 1.419238835955573 0.31877022653721687
213000 1.519507757404016 0.31759483454398707
214000 1.5965983757841382 0.3164251207729468
215000 1.3297610115950727 0.31526104417670675
216000 1.3844731119764853 0.3141025641025641
217000 1.6303846958121415 0.31294964028776984
218000 1.4050570912126439 0.3118022328548645
219000 1.4583620681490768 0.3106603023070804
220000 1.287017143298291 0.30952380952380953
221000 1.500276308153075 0.30839271575613625
222000 0.8315257161844594 0.3072669826224328
223000 1.080021800897964 0.30614657210401885
224000 1.6644682687551282 0.30503144654088044
225000 1.1853448988310662 0.303921568627451
226000 0.6783712866585292 0.30281690140845074
227000 0.8268609623034524 0.3017174082747853
228000 1.5275041459719683 0.30062305295950154
229000 1.7436224619730483 0.29953379953379955
230000 1.3589054796950653 0.29844961240310075
231000 1.6450971896253686 0.2973704563031708
232000 1.380088009168168 0.2962962962962963
233000 1.4550504717144266 0.29522709776751344
234000 1.1170937653435093 0.294162826420891
235000 1.4643355434132816 0.2931034482758621
236000 1.8060119649564013 0.2920489296636086
237000 1.9104550581056081 0.2909992372234935
238000 1.0401749132446316 0.2899543378995434
239000 1.3017185840523084 0.288914198936978
240000 1.2378625644682886 0.28787878787878785
241000 1.386506751689765 0.2868480725623582
242000 1.2796415416704212 0.28582202111613875
243000 1.2662316800751703 0.28480060195635826
244000 1.2023232109732853 0.2837837837837839
245000 1.4252457365207132 0.28277153558052437
246000 1.4635179232935303 0.28176382660687593
247000 1.0203793847316636 0.2807606263982103
248000 1.5495880143609573 0.27976190476190477
249000 1.3620710259292486 0.2787676317743133
250000 1.1049208679068123 0.2777777777777778
251000 1.556291063592365 0.2767923133776793
252000 1.6107761047748097 0.2758112094395281
253000 1.1135024272173388 0.2748344370860927
254000 1.5715658245982043 0.27386196769456683
255000 1.08329506814985 0.2728937728937729
256000 1.508740162367872 0.27192982456140347
257000 1.357453675834185 0.2709700948212983
258000 1.2298594819850905 0.27001455604075697
259000 1.3960230930546484 0.2690631808278867
260000 1.259305772367954 0.2681159420289856
261000 1.2270944041454848 0.26717281272595805
262000 1.6795170408480302 0.26623376623376627
263000 1.8420069403240176 0.2652987760979122
264000 1.4564497937851952 0.26436781609195403
265000 1.4835968239393258 0.26344086021505375
266000 1.3497063140441223 0.26251788268955656
267000 1.2718563111669876 0.26159885795860105
268000 1.4081226410816798 0.26068376068376076
269000 1.6185945879312498 0.259772565742715
270000 1.241660610363632 0.25886524822695034
271000 1.2915012701727284 0.2579617834394905
272000 1.4868866164049162 0.2570621468926553
273000 1.460402630300481 0.25616631430584913
274000 1.3928446847500042 0.2552742616033755
275000 1.4921420166311274 0.2543859649122807
276000 1.3841498140441284 0.2535014005602241
277000 1.1278899026218967 0.2526205450733753
278000 1.4094782428007289 0.25174337517433754
279000 1.618817988792105 0.25086986778009746
280000 1.4050680436199277 0.24999999999999997
281000 1.0263058411301964 0.2491337491337491
282000 1.4507882060188004 0.2482710926694329
283000 1.4730423227061706 0.24741200828157348
284000 1.426852336832634 0.24655647382920112
285000 1.5905105930740708 0.24570446735395193
286000 1.3803461434771762 0.24485596707818938
287000 1.4082741220151271 0.24401095140314863
288000 1.2667883693830664 0.24316939890710385
289000 1.0744198020491083 0.2423312883435583
290000 1.0367406739667726 0.24149659863945575
291000 1.3043506514536793 0.24066530889341478
292000 1.4610375328271048 0.23983739837398374
293000 1.2245212483939092 0.23901284651791757
294000 1.6495965790403848 0.2381916329284751
295000 1.155429834196167 0.23737373737373743
296000 1.6098819955938959 0.23655913978494628
297000 1.028693099987709 0.23574782025486254
298000 0.9934469065106564 0.23493975903614453
299000 1.0528257500801876 0.23413493653974612
300000 1.5104246450652186 0.23333333333333336
301000 1.4310293242948267 0.23253493013972057
302000 1.1825645341804534 0.2317397078353254
303000 1.3375597473888563 0.23094764744864152
304000 1.448870104264806 0.23015873015873015
305000 1.6344795302132904 0.2293729372937294
306000 1.5328266928246355 0.2285902503293807
307000 1.0783438336793472 0.22781065088757393
308000 1.3005502605143355 0.2270341207349081
309000 1.1650008957370968 0.2262606417812705
310000 1.1816746210897824 0.22549019607843143
311000 1.7085595010620813 0.22472276581865627
312000 1.4468056152635296 0.22395833333333334
313000 0.9704540378814102 0.22319688109161798
314000 1.1638930323958392 0.22243839169909205
315000 1.2200241073161298 0.22168284789644013
316000 1.1964692085102104 0.2209302325581395
317000 1.1710170377669185 0.22018052869116703
318000 0.6436241743545961 0.21943371943371945
319000 1.2650005867890024 0.21868978805394992
320000 0.7081037178055909 0.21794871794871792
321000 0.9981595165800037 0.21721049264235445
322000 1.1893355764733142 0.21647509578544058
323000 1.321873288431433 0.21574251115360102
324000 1.1161717287340105 0.2150127226463104
325000 1.0605368522581142 0.21428571428571427
326000 1.166073791340208 0.21356147021546265
327000 0.8292136788656577 0.21283997469955726
328000 1.2074505767282915 0.21212121212121213
329000 1.4370973177600193 0.21140516698172654
330000 1.3157957639445022 0.21069182389937105
331000 0.9204493210685895 0.20998116760828625
332000 1.2580123592371284 0.20927318295739347
333000 1.484327124944228 0.2085678549093183
334000 0.9243418803116634 0.20786516853932588
335000 1.2891488975654593 0.20716510903426796
336000 1.7755325934325032 0.20646766169154226
337000 1.1689101498543364 0.20577281191806332
338000 0.8573752139077984 0.20508054522924404
339000 1.2650729790948967 0.2043908472479901
340000 1.0119030480229199 0.2037037037037037
341000 1.5341147926330914 0.2030191004313001
342000 0.9877915176680512 0.2023370233702337
343000 1.339656674586056 0.20165745856353592
344000 0.9142310172984414 0.20098039215686278
345000 1.3256986637026928 0.20030581039755355
346000 1.4365049069157791 0.19963369963369962
347000 1.4383442063878218 0.19896404631322365
348000 1.3845009219492461 0.19829683698296843
349000 1.069410930821297 0.19763205828779598
350000 1.5402723626566708 0.196969696969697
351000 1.3349947837588914 0.19630973986690867
352000 1.2551887223203482 0.19565217391304354
353000 1.4681822410959904 0.1949969861362267
354000 1.2332419685891862 0.1943441636582431
355000 1.4586651270023743 0.19369369369369374
356000 1.4418727203751285 0.19304556354916072
357000 1.0252579558427262 0.19239976062238182
358000 1.744225219899465 0.1917562724014337
359000 1.0695032520363477 0.1911150864639237
360000 1.5556791223221031 0.1904761904761905
361000 1.6810266987281968 0.18983957219251343
362000 1.529395343204868 0.1892052194543298
363000 1.3846804495771075 0.18857312018946124
364000 1.238278914309093 0.18794326241134754
365000 1.0266723989103923 0.1873156342182891
366000 0.6825515989914229 0.1866902237926973
367000 0.9308382829149178 0.18606701940035272
368000 1.259860600150625 0.1854460093896714
369000 1.496963629761494 0.18482718219097835
370000 0.9676036692356365 0.18421052631578946
371000 1.4580311450549388 0.18359603035610042
372000 1.2805208540082749 0.18298368298368303
373000 0.7665558813307913 0.1823734729493892
374000 1.1407690769297636 0.18176538908246223
375000 1.2890607711949749 0.18115942028985507
376000 1.4141313435596987 0.18055555555555555
377000 1.4880069722781943 0.17995378393991915
378000 1.0579628406180364 0.17935409457900806
379000 1.3607159524978847 0.17875647668393782
380000 0.6629955948026547 0.17816091954022992
381000 1.4312007842114454 0.17756741250717153
382000 1.3954881992940282 0.17697594501718214
383000 1.6419795038414433 0.17638650657518581
384000 0.7610068162582005 0.17579908675799086
385000 1.3365095277940027 0.17521367521367523
386000 0.9251566765472929 0.17463026166097836
387000 1.1581044789281691 0.1740488358886996
388000 1.0923497678921126 0.17346938775510204
389000 1.022714879915033 0.17289190718732314
390000 1.177643219352385 0.17231638418079095
391000 1.7335036011583735 0.17174280879864637
392000 1.5096660501847197 0.17117117117117117
393000 1.2138154027145942 0.17060146149522207
394000 1.7424455322229946 0.17003367003367
395000 1.1514607665211445 0.16946778711484592
396000 1.1577523304879012 0.16890380313199108
397000 0.9895472936032095 0.16834170854271355
398000 1.5325284867394147 0.1677814938684504
399000 1.3992835650439188 0.16722314969393434
400000 1.0324130966141085 0.16666666666666666
401000 1.3183064172461094 0.16611203549639494
402000 1.3533020781991922 0.16555924695459576
403000 0.6349276751718667 0.16500829187396351
404000 1.3323326475745123 0.1644591611479029
405000 0.8096007194088969 0.1639118457300275
406000 1.0084704301643188 0.16336633663366337
407000 0.888491049664883 0.16282262493135644
408000 0.8591997477037558 0.162280701754386
409000 1.2703090946532558 0.16174055829228243
410000 1.0549379340532106 0.16120218579234977
411000 1.2815471719917468 0.1606655755591926
412000 1.351603673374881 0.16013071895424838
413000 0.9921932584549507 0.15959760739532355
414000 0.6764764095508811 0.15906623235613468
415000 1.0970798389257808 0.15853658536585372
416000 0.8415153248250125 0.15800865800865802
417000 1.1432352114321338 0.15748244192328473
418000 1.5497679613141209 0.15695792880258905
419000 1.0003115583175521 0.15643511039310717
420000 1.05197269803873 0.15591397849462366
421000 1.261837854594375 0.15539452495974235
422000 1.3125498867736263 0.15487674169346197
423000 1.1039602808058673 0.1543606206527555
424000 0.9275099490329564 0.15384615384615383
425000 1.2305443847052284 0.15333333333333335
426000 1.2076402130063677 0.15282215122470713
427000 1.2406479443990697 0.15231259968102076
428000 1.6573239875904258 0.15180467091295116
429000 0.974940178058278 0.15129835718071014
430000 0.8743137200665398 0.15079365079365079
431000 1.2992489483355758 0.15029054410987855
432000 0.8035737644406216 0.14978902953586495
433000 0.9449684425362259 0.14928909952606637
434000 0.8946338122443971 0.14879074658254468
435000 1.320850351215418 0.14829396325459318
436000 1.1780310799217422 0.14779874213836477
437000 1.3883947371756937 0.14730507587650446
438000 0.9684427962857046 0.14681295715778478
439000 1.5337452875914641 0.14632237871674494
440000 0.9799205733245951 0.14583333333333334
441000 1.2510903689425747 0.14534581383255332
442000 0.848601764588589 0.14485981308411214
443000 1.2484125121088323 0.14437532400207362
444000 1.11038491908299 0.14389233954451344
445000 1.2655650666920324 0.1434108527131783
446000 0.9530357850394566 0.1429308565531476
447000 1.4622317871213344 0.14245234415249872
448000 1.3312190750149004 0.1419753086419753
449000 1.4506638216804935 0.14149974319465844
450000 1.5056461387425264 0.14102564102564105
451000 1.167448625644274 0.1405529953917051
452000 0.9172426832733327 0.14008179959100206
453000 1.0348760957646665 0.13961204696273607
454000 1.0963424863307352 0.13914373088685014
455000 0.8088612909001527 0.13867684478371503
456000 0.9404252358094698 0.13821138211382114
457000 1.2906336457246796 0.13774733637747336
458000 1.3520205965214984 0.13728470111448834
459000 1.1569126998838963 0.1368234699038948
460000 1.1782397242691844 0.13636363636363633
461000 0.9042965810306851 0.13590519415027733
462000 1.1903772585310974 0.13544813695871097
463000 1.0231110356438355 0.13499245852187028
464000 1.0901854073770227 0.13453815261044175
465000 0.9628598310797634 0.13408521303258145
466000 1.32168611082203 0.13363363363363365
467000 1.1085510512016927 0.1331834082958521
468000 0.9874334366321085 0.13273453093812373
469000 0.7275933643741325 0.1322869955156951
470000 0.7192739432250842 0.13184079601990054
471000 1.325784614036305 0.1313959264778937
472000 1.3793215093324585 0.13095238095238096
473000 0.9404830873753355 0.13051015354135712
474000 0.9785511312309358 0.1300692383778437
475000 1.2402292784175892 0.12962962962962962
476000 1.0486901128161337 0.12919132149901383
477000 1.1653242118731049 0.1287543082225505
478000 1.3749540187303328 0.12831858407079652
479000 0.7273808174927637 0.1278841433480609
480000 0.9486799314986818 0.12745098039215688
481000 1.176891541151289 0.12701908957415567
482000 0.8224714647524345 0.1265884652981427
483000 1.227414044926984 0.1261591020009761
484000 1.1631077560750707 0.12573099415204678
485000 1.2651414142447703 0.1253041362530414
486000 1.247764814062516 0.12487852283770653
487000 1.401444900308314 0.1244541484716157
488000 1.269801397639177 0.12403100775193801
489000 1.220906724744798 0.12360909530720851
490000 0.619889313169762 0.12318840579710147
491000 1.1576596511037347 0.12276893391220453
492000 1.4257197877703551 0.12235067437379579
493000 1.2025562265326513 0.12193362193362198
494000 0.6633508884014954 0.12151777137367917
495000 1.3532157332876713 0.1211031175059952
496000 0.749382220984878 0.12068965517241378
497000 1.2636072081436531 0.12027737924438067
498000 0.9022542484023439 0.1198662846227316
499000 1.3742470549489274 0.1194563662374821
500000 1.2950888585469302 0.11904761904761904
501000 1.048004643445471 0.11864003804089399
502000 0.831528192794645 0.11823361823361825
503000 1.0326731457631035 0.1178283546704599
504000 0.538092268781766 0.11742424242424246
505000 0.8921875028181383 0.11702127659574471
506000 1.0782361936534894 0.11661945231350332
507000 1.1429637591912258 0.11621876473361623
508000 0.9654376368897708 0.11581920903954804
509000 0.9725931184614942 0.11542078044193702
510000 1.2610927703828607 0.11502347417840378
511000 0.9995034577453503 0.11462728551336146
512000 0.8595264065061072 0.11423220973782774
513000 1.2884826684699529 0.11383824216923796
514000 1.1807022230436395 0.11344537815126052
515000 1.3481513783030155 0.11305361305361303
516000 1.302056446570802 0.11266294227188081
517000 1.333205513959514 0.11227336122733614
518000 1.1612427024459637 0.11188486536675954
519000 0.9010874322871665 0.1114974501622624
520000 0.8124797952701583 0.11111111111111113
521000 0.9217044496651128 0.11072584373555247
522000 0.7523593876328956 0.11034164358264079
523000 1.48913826371715 0.10995850622406636
524000 1.3014354591518615 0.10957642725598529
525000 0.6978645761697038 0.10919540229885058
526000 0.8349997622766844 0.1088154269972452
527000 1.5647231674820765 0.10843649701971572
528000 1.0254870813899608 0.10805860805860804
529000 0.702874333598086 0.107681755829904
530000 0.7577973619319294 0.10730593607305935
531000 1.2228843138750414 0.1069311445508436
532000 1.0526332874551048 0.10655737704918031
533000 1.124871443369269 0.10618462937698955
534000 1.5265239089373837 0.10581289736603092
535000 1.1179074356398002 0.10544217687074828
536000 0.988783357255633 0.10507246376811594
537000 1.55442128262852 0.1047037539574853
538000 0.886356298331126 0.10433604336043359
539000 0.9667915112964283 0.10396932792061345
540000 0.8251908774809514 0.10360360360360357
541000 1.1464737961606088 0.10323886639676114
542000 0.8446559698196788 0.10287511230907456
543000 1.1940409727997157 0.10251233737101836
544000 1.2960614183386094 0.1021505376344086
545000 1.092354912095627 0.10178970917225952
546000 1.3295556783468419 0.10142984807864161
547000 0.8578621023165679 0.10107095046854084
548000 1.176151768131902 0.10071301247771833
549000 0.7859269698383835 0.10035603026257231
550000 1.1693521694316975 0.1
551000 1.2001602596444272 0.0996449178872614
552000 1.097281453359796 0.09929078014184398
553000 1.1030685148526764 0.09893758300132802
554000 0.7813819985421083 0.09858532272325374
555000 1.3331294668167217 0.09823399558498894
556000 0.7745705553845885 0.09788359788359788
557000 0.4629371041205072 0.09753412593571112
558000 1.3389977896992171 0.09718557607739667
559000 0.7400574691066272 0.09683794466403159
560000 0.859426666335711 0.09649122807017543
561000 0.7692256665040786 0.09614542268944373
562000 1.1094338669057278 0.09580052493438315
563000 1.0886936852941598 0.09545653123634781
564000 0.7306968551271464 0.09511343804537523
565000 0.5586105124197805 0.09477124183006538
566000 1.370990748782932 0.0944299390774587
567000 0.7701265195981719 0.09408952629291614
568000 1.482040925418224 0.09375000000000003
569000 1.0659150651984026 0.09341135674035547
570000 0.9012340502968716 0.09307359307359311
571000 1.028368141482508 0.09273670557717253
572000 1.2378986400269845 0.09240069084628674
573000 1.1969083658141297 0.09206554549374732
574000 0.6887812628606524 0.09173126614987084
575000 0.846994333961987 0.0913978494623656
576000 0.9875703933122628 0.09106529209621997
577000 1.3993757669586908 0.09073359073359075
578000 1.163156861274853 0.09040274207369328
579000 0.8730693611428313 0.09007274283269154
580000 0.6416547420826794 0.08974358974358979
581000 0.8561389235530019 0.08941527955612463
582000 0.9833701385230131 0.08908780903665817
583000 1.0532914974873062 0.08876117496807154
584000 1.0657830315059003 0.08843537414965988
585000 0.7623731815488703 0.08811040339702761
586000 0.9434594166749148 0.08778625954198474
587000 0.690609767661893 0.0874629394324439
588000 1.0585819307441395 0.0871404399323181
589000 0.8993518816288423 0.08681875792141955
590000 1.0132848453047543 0.08649789029535868
591000 0.8796509916783599 0.08617783396544457
592000 0.8712378825675442 0.08585858585858588
593000 0.9006145041416087 0.08554014291719211
594000 0.763758987197903 0.08522250209907642
595000 0.7875243533237892 0.0849056603773585
596000 1.206411304473412 0.0845896147403685
597000 0.9282644262599206 0.08427436219155168
598000 1.1080938522876378 0.08395989974937348
599000 1.1160507624352645 0.08364622444722572
600000 0.9688919885823957 0.08333333333333334
601000 1.3033319611175198 0.08302122347066168
602000 1.3199710352389102 0.08270989193682463
603000 0.9306502649460391 0.08239933582399339
604000 1.0893663009720043 0.08208955223880601
605000 0.6283421380588866 0.08178053830227741
606000 0.6577064331673198 0.08147229114971055
607000 0.9559620703911067 0.08116480793060718
608000 0.5695841827070968 0.08085808580858087
609000 0.8710645198927397 0.08055212196126907
610000 0.7385857549803345 0.08024691358024694
611000 0.9502345980393271 0.07994245787094126
612000 0.8639602347348556 0.07963875205254514
613000 1.0009525002585813 0.07933579335793361
614000 0.9323146642660802 0.07903357903357902
615000 0.8160216333757778 0.07873210633946831
616000 1.0110965687616953 0.0784313725490196
617000 0.7784655142584871 0.07813137494900041
618000 0.9316179613646872 0.07783211083944583
619000 0.6745682719990526 0.07753357753357756
620000 0.6877451481537615 0.07723577235772361
621000 1.0248898796431354 0.07693869265123832
622000 0.993537378570537 0.0766423357664234
623000 0.898316112765918 0.07634669906844876
624000 0.8089153498194372 0.0760517799352751
625000 0.7877501662166286 0.07575757575757577
626000 0.9498597463542066 0.07546408393866022
627000 0.9843794176229954 0.07517130189439744
628000 0.7065864322671581 0.07487922705314007
629000 0.5748740699079565 0.07458785685564942
630000 0.5694271154726649 0.07429718875502006
631000 0.7478764171216921 0.0740072202166065
632000 0.5358592137646754 0.0737179487179487
633000 0.7982979369038485 0.07342937174869948
634000 0.567662782758743 0.07314148681055158
635000 0.6993110010229909 0.07285429141716568
636000 0.8824326293639044 0.07256778309409892
637000 0.7390170381844274 0.07228195937873355
638000 0.859206895807068 0.0719968178202069
639000 0.8458464020308044 0.07171235597934048
640000 0.6763188843090109 0.07142857142857142
641000 0.8588720644344421 0.07114546175188269
642000 0.870442040167995 0.07086302454473478
643000 0.8993121459041358 0.07058125741399765
644000 0.9858847962857396 0.07030015797788308
645000 0.8756221859078646 0.07001972386587774
646000 0.32663631096124257 0.06973995271867611
647000 0.8490725147815148 0.06946084218811491
648000 0.6501459987807859 0.0691823899371069
649000 0.5317454126632799 0.06890459363957596
650000 0.9491681332516695 0.06862745098039216
651000 1.077025295425671 0.06835095965530749
652000 0.7030432266738347 0.06807511737089203
653000 0.5751155885117553 0.06779992184447048
654000 0.7251069122156771 0.06752537080405935
655000 0.6542205243949177 0.06725146198830409
656000 0.5146834961896553 0.06697819314641745
657000 0.8933877653482964 0.06670556203811748
658000 1.1916178299853193 0.06643356643356643
659000 0.7859123691874599 0.06616220411331006
660000 0.7308708726607699 0.06589147286821703
661000 0.5370148543365546 0.0656213704994193
662000 0.83111958402699 0.0653518948182521
663000 0.9165970409576221 0.06508304364619544
664000 0.5577679385379428 0.0648148148148148
665000 1.1701210543887224 0.06454720616570328
666000 0.7693303201168342 0.0642802155504234
667000 0.39843644130167916 0.06401384083044984
668000 0.6512767743150812 0.06374807987711215
669000 0.5705636776615256 0.06348293057153814
670000 0.5215054173710191 0.06321839080459773
671000 0.6650620885888958 0.06295445847684653
672000 0.5613374055874978 0.06269113149847094
673000 1.1340251923944786 0.06242840778923253
674000 0.7481815268405035 0.06216628527841342
675000 0.5092008094855482 0.06190476190476191
676000 1.103475529690131 0.061643835616438325
677000 0.6914743711291916 0.06138350437096163
678000 0.7418409862962009 0.06112376613515563
679000 0.7819215771805819 0.0608646188850967
680000 0.7481144241510855 0.06060606060606061
681000 0.8224150527384059 0.06034808929247068
682000 0.7043859766992162 0.0600907029478458
683000 0.5279472848756307 0.05983389958474897
684000 0.805155441562475 0.05957767722473606
685000 0.6638306996029308 0.059322033898305065
686000 0.7746857220522652 0.059066967644845786
687000 0.7386171622113371 0.058812476512589223
688000 0.6845877863200495 0.0585585585585586
689000 0.7956745372552458 0.05830521184851892
690000 0.6541773673549681 0.0580524344569289
691000 0.8278841297421186 0.05780022446689115
692000 0.9247340820876467 0.05754857997010465
693000 0.9256554233198769 0.057297499066816
694000 0.7356684793539284 0.05704697986577184
695000 1.0319676919351064 0.056797020484171346
696000 0.6776144260044121 0.05654761904761907
697000 0.8037337030725102 0.056298773690078074
698000 0.5887227335630234 0.056050482553823305
699000 0.7033962364029601 0.055802743789395676
700000 0.5762864154815853 0.05555555555555555
701000 0.8472705155841731 0.0553089160192379
702000 0.9665978545402087 0.0550628233555063
703000 1.0107340469102781 0.05481727574750833
704000 0.6208165523260619 0.0545722713864307
705000 0.6279741533722396 0.05432780847145488
706000 0.7733432551844178 0.05408388520971308
707000 0.994050268405665 0.05384049981624403
708000 0.7196472482447246 0.053597650513950074
709000 0.7022735759088727 0.05335533553355337
710000 0.7446156876121767 0.05311355311355312
711000 0.4096242786454684 0.05287230150018296
712000 0.5384948815721087 0.052631578947368446
713000 0.8432737391280813 0.05239138371668495
714000 0.7951981107190478 0.052151714077315836
715000 0.4589931157767523 0.05191256830601096
716000 0.5045127824694946 0.05167394468704514
717000 0.5595747870231956 0.051435841512177394
718000 0.5072709643845748 0.05119825708061004
719000 0.5431426942511054 0.05096118969894814
720000 0.5554795663215997 0.05072463768115945
721000 0.44536423817499765 0.0504885993485342
722000 0.5409775415777089 0.05025307302964574
723000 0.8350631812827726 0.050018057060310595
724000 0.7326796455367759 0.04978354978354979
725000 0.8842727307038727 0.04954954954954957
726000 1.203071626498398 0.049316054715622754
727000 0.6230156594195305 0.04908306364617046
728000 0.6794518866984169 0.0488505747126437
729000 0.7172255587981303 0.0486185862935056
730000 0.6209082481875123 0.04838709677419353
731000 1.0052561541378213 0.048156104547082024
732000 0.93055152079354 0.04792560801144494
733000 0.8418415837750164 0.04769560557341909
734000 0.6373683935048219 0.04746609564596718
735000 0.6379077590094374 0.04723707664884136
736000 0.805321168084327 0.047008547008547036
737000 0.6099263775952029 0.046780505158306646
738000 0.6578362361072871 0.04655294953802419
739000 0.5114133112936086 0.04632587859424919
740000 0.5874047625685788 0.046099290780141855
741000 0.7030371731547017 0.045873184555437485
742000 0.8390169432106633 0.04564755838641191
743000 0.7615528065553587 0.0454224107458466
744000 0.6499277964110163 0.04519774011299438
745000 0.7973603116214923 0.044973544973545
746000 0.7504316363868749 0.04474982381959125
747000 0.629047782059103 0.04452657514959524
748000 0.6172238483949286 0.04430379746835442
749000 0.6511736835551096 0.044081489286968756
750000 0.7557121732785758 0.043859649122807015
751000 0.5642567180783147 0.043638275499474244
752000 0.6963694332617567 0.043417366946778724
753000 0.9722185212234553 0.04319692200069952
754000 0.5477496620605239 0.042976939203354325
755000 0.5086989739891139 0.04275741710296682
756000 0.5834850992975963 0.042538354253835425
757000 0.5135607779121397 0.04231974921630094
758000 0.6420125827743351 0.042101600556715385
759000 0.6395456214351165 0.0418839068474105
760000 0.5007733455972811 0.041666666666666685
761000 0.7086552684331842 0.04144987859868196
762000 0.5905189734128128 0.04123354123354123
763000 0.8257230293455673 0.04101765316718592
764000 0.6485788697214563 0.04080221300138312
765000 0.6892060081518114 0.040587219343696024
766000 0.5095023171758502 0.04037267080745341
767000 0.6215669820664994 0.040158566011720104
768000 0.8019586133128161 0.03994490358126723
769000 0.49287378402885657 0.039731682146542796
770000 0.4480653073519547 0.03951890034364264
771000 0.5752365167742888 0.0393065568142808
772000 0.490886836469477 0.039094650205761305
773000 0.6786219119567453 0.03888317917094897
774000 0.6047657420071734 0.03867214236824093
775000 0.69985341818092 0.038461538461538464
776000 0.6571265006124047 0.038251366120218594
777000 0.6293676040902718 0.03804162401910613
778000 0.6648395286708602 0.03783231083844579
779000 0.8208713311229456 0.037623425263874716
780000 0.5980478322722709 0.037414965986394544
781000 0.5916630165378547 0.03720693170234454
782000 0.5959120447355206 0.03699932111337406
783000 0.774053678909212 0.036792132926415755
784000 0.6831209162660403 0.03658536585365854
785000 0.683339199233999 0.03637901861252113
786000 0.6763513509798733 0.03617308992562546
787000 0.6280967110605412 0.03596757852077001
788000 0.8413556048890944 0.03576248313090419
789000 0.6165877878700042 0.03555780249410179
790000 0.7666742234836843 0.03535353535353536
791000 0.6105856568643843 0.0351496804574504
792000 0.7132192835431621 0.03494623655913981
793000 0.7252306565360486 0.034743202416918445
794000 0.5711931488871983 0.034540576794097916
795000 0.6863086937527956 0.03433835845896149
796000 0.5297031120401123 0.034136546184738936
797000 0.6005408235806194 0.03393513874958207
798000 0.621405973395702 0.033734134936539734
799000 0.8588840816258576 0.03353353353353353
800000 0.7472064926061551 0.033333333333333354
801000 0.7224310610395812 0.03313353313353315
802000 0.5669556280388478 0.032934131736526956
803000 0.6525953098464592 0.032735127949484855
804000 0.5783921550235556 0.03253652058432935
805000 0.681698649235673 0.032338308457711434
806000 0.5861117528384031 0.0321404903909874
807000 0.6574977947687147 0.0319430652101953
808000 0.6475281952784891 0.031746031746031744
809000 0.6761450529239403 0.03154938883382888
810000 0.6030859114265685 0.031353135313531344
811000 0.6994083429277351 0.031157270029673584
812000 0.5665343334203916 0.030961791831357027
813000 0.4507409906093346 0.030766699572227746
814000 0.45564025630897215 0.030571992110453694
815000 0.6113564314377096 0.030377668308702838
816000 0.6329997873768594 0.030183727034120728
817000 0.5875845299804758 0.029990167158308767
818000 0.6560456812353584 0.029796987557301924
819000 0.5129308920039132 0.029604187111547275
820000 0.45321540582240416 0.029411764705882387
821000 0.5123272613467449 0.02921971922951358
822000 0.5302059193788928 0.029028049575994808
823000 0.40627278673381956 0.028836754643206258
824000 0.5634971295882206 0.028645833333333343
825000 0.6425034109856331 0.028455284552845544
826000 0.5228516951732312 0.02826510721247566
827000 0.6146753832710001 0.02807530022719898
828000 0.7026772883428274 0.027885862516212723
829000 0.6328815956700915 0.02769679300291547
830000 0.5877909843478277 0.027508090614886765
831000 0.625445498767747 0.02731975428386682
832000 0.5984315707884351 0.027131782945736427
833000 0.5001238276683464 0.02694417554049694
834000 0.3709143812533818 0.026756931012250185
835000 0.46398840229175986 0.02657004830917875
836000 0.611049751937398 0.026383526383526396
837000 0.5865879800632673 0.026197364191578282
838000 0.5679953085988962 0.026011560693641633
839000 0.5652331728404442 0.025826114854026305
840000 0.6467627120467373 0.025641025641025633
841000 0.6873463645503938 0.025456292026897226
842000 0.4510917767281262 0.025271912987843898
843000 0.7058861749583496 0.025087887503994905
844000 0.4534096661660977 0.02490421455938699
845000 0.4006203527520628 0.024720893141945782
846000 0.36876472481712474 0.02453792224346721
847000 0.3560373709682911 0.02435530085959889
848000 0.41127111861685034 0.024173027989821877
849000 0.6121377089517119 0.023991102637432482
850000 0.45589387402170645 0.023809523809523808
851000 0.4880513287421745 0.023628290516967992
852000 0.5481957429422506 0.023447401774397997
853000 0.5058498133719682 0.023266856600189956
854000 0.5123915182455144 0.0230866540164453
855000 0.6080019191113711 0.02290679304897314
856000 0.5055095488643924 0.022727272727272735
857000 0.5043731503796105 0.02254809208451594
858000 0.46906574125049566 0.02236925015752994
859000 0.5676636115768604 0.022190745986780003
860000 0.5561777527255732 0.022012578616352224
861000 0.5380704415684966 0.02183474709393657
862000 0.5608145256160194 0.021657250470809825
863000 0.6667797807490372 0.021480087801818787
864000 0.49293258507387483 0.021303258145363407
865000 0.5688705074228569 0.02112676056338028
866000 0.5246598503355797 0.020950594121325827
867000 0.597610843150115 0.020774757888159967
868000 0.4166739189575952 0.02059925093632961
869000 0.4188591213993524 0.020424072341752447
870000 0.43605619124099404 0.020249221183800653
871000 0.4884097657303333 0.020074696545284765
872000 0.5728138549615571 0.019900497512437804
873000 0.5268051947846678 0.01972662317489904
874000 0.4834773703128921 0.01955307262569833
875000 0.4998407324316203 0.019379844961240317
876000 0.5023739358895978 0.01920693928128875
877000 0.5477877345551557 0.019034354688950816
878000 0.42983266890096405 0.018862090290661743
879000 0.46495344173910913 0.018690145196169322
880000 0.34920267177409403 0.018518518518518517
881000 0.44293173706812305 0.01834720937403639
882000 0.5116430121259007 0.018176216882316715
883000 0.48063087087078077 0.01800554016620498
884000 0.5659947398177578 0.017835178351783526
885000 0.5961984086861404 0.01766513056835639
886000 0.5001920559452548 0.017495395948434633
887000 0.5387320179507727 0.017325973627721564
888000 0.5325277620142461 0.017156862745098034
889000 0.4898741196594495 0.016988062442607893
890000 0.41035525293137587 0.016819571865443417
891000 0.3721494417345212 0.016651390161930957
892000 0.4467935362603841 0.01648351648351648
893000 0.367240252788681 0.01631594998475147
894000 0.3915164692449719 0.016148689823278495
895000 0.44214195013296254 0.01598173515981738
896000 0.4007110270166351 0.01581508515815086
897000 0.40106287067746904 0.015648738985110905
898000 0.3617024825961884 0.015482695810564662
899000 0.3235692214247304 0.015316954807400668
900000 0.32912172980335885 0.015151515151515166
901000 0.3901982081091229 0.014986376021798364
902000 0.2877500800363594 0.014821536600121005
903000 0.3236881326396666 0.014656996071320622
904000 0.46714745935908036 0.014492753623188387
905000 0.46728610024999384 0.01432880844645551
906000 0.5542896690690327 0.014165159734779997
907000 0.4827122967534303 0.014001806684733525
908000 0.49829221299132814 0.013838748495788228
909000 0.5423358017009068 0.013675984370303595
910000 0.5708244641562908 0.013513513513513542
911000 0.5311356468161695 0.013351335133513359
912000 0.4624609818530887 0.013189448441247004
913000 0.5043987737270889 0.013027852650494165
914000 0.44397707627807204 0.01286654697785758
915000 0.44672784643743757 0.012705530642750373
916000 0.4167296009094305 0.01254480286738352
917000 0.3692736627032492 0.012384362876753208
918000 0.39716713890317945 0.012224209898628519
919000 0.3680588502612995 0.012064343163538854
920000 0.42884957646675953 0.01190476190476189
921000 0.4059187131939866 0.01174546535831103
922000 0.4088087707047884 0.01158645276292336
923000 0.46985052235244557 0.011427723360047493
924000 0.38152450498315615 0.011269276393831573
925000 0.38637306174113895 0.011111111111111127
926000 0.36093975980943466 0.010953226761397289
927000 0.35860698137351554 0.01079562259686484
928000 0.45124501877281503 0.010638297872340413
929000 0.40176254920047977 0.010481251845290807
930000 0.43632358780143393 0.010324483775811216
931000 0.5392100431497472 0.010167992926613606
932000 0.49541879612334483 0.010011778563015328
933000 0.5061838003833863 0.009855839952927353
934000 0.5131452079277453 0.009700176366843033
935000 0.4846143330245458 0.009544787077826716
936000 0.48728769371886843 0.009389671361502344
937000 0.4905084051486476 0.009234828496042208
938000 0.4917416842224979 0.009080257762155847
939000 0.495761699651568 0.008925958443078752
940000 0.4864236534703205 0.00877192982456143
941000 0.45311971862214256 0.008618171194858332
942000 0.4484756087479436 0.008464681844716881
943000 0.4529350994229099 0.008311461067366605
944000 0.4487616875541225 0.008158508158508188
945000 0.46315599056832835 0.008005822416302794
946000 0.48347185356772854 0.007853403141361293
947000 0.4524483944416973 0.00770124963673352
948000 0.504833239062957 0.007549361207897787
949000 0.4365840096314888 0.0073977371627502175
950000 0.4474159061636654 0.007246376811594207
951000 0.46649190805604546 0.007095279467130039
952000 0.4504272827722339 0.0069444444444444475
953000 0.4627466074180252 0.006793871061000295
954000 0.447570356661536 0.006643558636626246
955000 0.4714289953299983 0.006493506493506523
956000 0.4579341033940355 0.006343713956170727
957000 0.4829161640589657 0.006194180351483725
958000 0.45215310688211946 0.0060449050086355816
959000 0.4430639910163516 0.005895887259131455
960000 0.458280337492189 0.00574712643678163
961000 0.45462071372706864 0.005598621877691667
962000 0.45515085648366005 0.0054503729202524664
963000 0.4446181878334017 0.005302378905130439
964000 0.46648782901057995 0.005154639175257741
965000 0.44607613261352236 0.005007153075822612
966000 0.452910281815682 0.004859919954259578
967000 0.4430639910163512 0.004712939160239932
968000 0.44752983582419376 0.0045662100456621
969000 0.45329872371476515 0.004419731964642154
970000 0.4700976502076913 0.004273504273504286
971000 0.444733608437817 0.0041275263307714305
972000 0.44637573608641756 0.003981797497155881
973000 0.45226054685051936 0.0038363171355498826
974000 0.4477053987243897 0.003691084611016471
975000 0.4525245224541274 0.003546099290780147
976000 0.45032062050913174 0.003401360544217691
977000 0.4476582874735344 0.0032568677428490567
978000 0.4429355393279072 0.0031126202603282693
979000 0.4445776669765078 0.002968617472434293
980000 0.47477279249432713 0.0028248587570621486
981000 0.44598820178106524 0.0026813434942139502
982000 0.4428205580090179 0.0025380710659898553
983000 0.4445483273840616 0.0023950408565793224
984000 0.443063991017258 0.002252252252252257
985000 0.4429355393474589 0.002109704641350213
986000 0.4430639910163512 0.001967397414277705
987000 0.44281826890300374 0.0018253299634934106
988000 0.44290848884147516 0.0016835016835017036
989000 0.44290848884147516 0.0015419119708438567
990000 0.443063991016351 0.0014005602240896309
991000 0.44297606018389407 0.001259445843828727
992000 0.44470611866495174 0.0011185682326622093
993000 0.4429760601848011 0.0009779267951942061
994000 0.4430639910163512 0.0008375209380234727
995000 0.442906199735461 0.0006973500697350365
996000 0.442906199735461 0.0005574136008918706
997000 0.44302347017991595 0.0004177109440267335
998000 0.4429760601848011 0.0002782415136338423
999000 0.44297606018389407 0.00013900472616068527
[[17], [1, 2, 3, 11, 12, 13], [4, 5, 6, 7, 8, 9, 14, 16, 19, 20, 21, 22, 23, 24, 25, 26, 27, 28, 29, 30, 32, 37, 38, 39, 40, 41, 42, 47, 49, 50, 52, 57, 58, 59, 60, 62, 64, 65, 66, 67, 69, 70, 71, 72, 73, 74, 77, 78, 79, 80, 82, 84, 85, 86, 87, 89, 90, 91, 92, 93, 94, 96, 97, 98, 99], [51], [83], [95], [68], [88], [45], [61], [33, 34, 35, 36, 43, 44, 46, 53, 54, 55, 56], [15], [10], [0], [63], [18], [48], [31], [75, 76], [81]]
<html>
  <head>
    <title>Gerry</title>
    <script src='https://cdnjs.cloudflare.com/ajax/libs/mathjax/2.7.4/MathJax.js?config=TeX-MML-AM_CHTML' async></script>
    <script type="text/x-mathjax-config">
    MathJax.Hub.Config({
      tex2jax: {inlineMath: [['$','$'], ['\\(','\\)']]}
    });
    </script>
    <style type="text/css">
      body {
        background-color: black;
        color: white;
        font-family: Arial;
        margin-bottom: 30px;
      }
      .header {
        text-align: center;
        font-weight: bold;
      }
      .header .logo {
        font-size: 100pt;
        transform: rotate(-45deg);
      }
      .header .name {
        font-size: 24pt;
      }

      .content {
        max-width: 800px;
        margin: 0 auto;
      }

      table.requirements {
        border-collapse: collapse;
        width: 100%;
      }

      table.requirements th, td {
        padding: 15px;
        text-align: left;
        border-bottom: 1px solid #ddd;
      }

      table.requirements tr:last-child td {
        border-bottom: none;
      }
      
      a {
        color: white;
      }

      .submission-error {
        color: red;
      }

      .submission-success {
        color: green;
      }
    </style>
  </head>
  <body>
    <div class="header">
      <div class="logo">E</div>
      <div class="name">E CORP</div>
    </div>

    <div class="content">
      <h2>TICKET #CONSULT-49343</h2>

      
<h3>Summary</h3>
<p>A certain political party has reached out to us asking for help drawing the districts before an upcoming election. They need to win more seats in an oddly grid like state. Help them win while remaining within fairness criteria imposed by the local redistricting committee.</p>

<h3>Technical Details</h3>
<h4>Districts and Blocks</h4>
<p>
  The state is an $n$ by $n$ grid, composed of $n^2$ different blocks.
  Sets of blocks can be combined into $D$ different districts.
  Blocks are labeled by integers $0 \leq i \lt n^2$.
  A block's coordinate is $(\lfloor i/n \rfloor, i\ \mathrm{mod}\ n)$, its neighbors are the blocks it shares a full side with.
  You will be provided $a_i$ and $b_i$ for each district $i$, these are the number of voters of party A and B, respectively. The population of a block is $a_i + b_i$.
  For this problem, $n = 10, D = 20$.
</p>

<h4>How To Win</h4>
<p>
  The client only cares about one thing: maximizing the number of districts party A expects to win.
  Each voter in party X will vote for party X with a $60\%$ chance.
  The client is ok with the following approximations:
  <ul>
    <li>$\mathrm{Bin}(n, p) = \mathrm{N}(np, np(1-p))$</li>
    <li>$\mathbb{E}[\text{number of districts party A wins}] = \sum_j \mathbb{P}(\text{party A wins district } j)$</li>
  </ul>
</p>

<h4>Districting Requirements</h4>
<p>
  The redistricting committee has a few requirements for any redistricting plan:
  <ul>
    <li>Each block must be assigned to a single district.</li>
    <li>Each district must have at least 1 block.</li>
    <li>Each district is contigious -- each block in a district is reachable by other blocks in that district.</li>
  </ul>

  The redistricting committee also cares about fairness so they inspect the following additional metrics:
  <ul>
    <li>District Population Imbalance - The sum of square differences between each district's population and the mean district population.</li>
    <li>
      Expected Efficiency Gap - The efficiency gap is a metric that is meant to quantitatively indicate gerrymandering.
      First, compute the number of wasted votes for both parties. A wasted vote is any vote in a district where the party lost the elction, or any vote beyond what was needed to win in a district where the party won.
      Then take the subtract the number of wasted votes for party B from the number of wasted votes for party A and divide that number by total population.
      A largely negative value is associated with gerrymandering in favor of party A.
      Since this metric can only be computed given an election, the committee only cares about its value in expectation.
    </li>
  </ul>
</p>

<h4>The Other Consultant</h4>
<p>
  Our client has already reached out to another consultant, who has provided a solution with the following properties. You must submit a labeling that is at least as good in each metric.
</p>

<!-- 73 -->

<table class="requirements">
  <thead>
    <tr>
      <th>Metric</th>
      <th>Competitor Value</th>
      <th>Direction</th>
    </tr>
  </thead>
  <tbody>
    <tr>
      <td>Expected Party A Districts</td>
      <td>$ 10 $</td>
      <td>higher is better</td>
    </tr>
    <tr>
      <td>District Population Imbalance</td>
      <td>$ 164 \times 10^{10}$</td>
      <td>lower is better</td>
    </tr>
    <tr>
      <td>Expected Efficiency Gap</td>
      <td>$ -0.074 $</td>
      <td>higher is better</td>
    </tr>
  </tbody>
</table>

<a id="submission"></a>
<h4>Submission</h4>

<p>You can obtain your voter data at <a href="/u/dratini0_cfb7da/voters.json">voters.json</a></p>
<p>To submit an answer to this puzzle, submit JSON in this format:</p>
<pre><code>
[
  [0, 1, 2],
  [3, 4, 5]
]
</code></pre>
This example signifies two districts, one containing blocks 0, 1, and 2. The other containing 3, 4, and 5.

<form method="POST">
  <textarea name="json" cols="80"></textarea>
  <br />
  <input type="submit" value="Evaluate" />
</form>




<div class="submission-error">
  <h4>Submission Error</h4>
<p>Violated bounds for District Population Imbalance</p>
</div>




    </div>
  </body>
</html>
