VPIPwCFEBpwxrLW9TZ4dDXTFVF1VN6U+JOS+3xjN
0 4.0 0.9900000000000001
1000 1.6771599540889945 0.9801883052527257
2000 1.4354496867954742 0.9705500982318273
3000 1.5801038327642836 0.9610808179162612
4000 1.6789967380522126 0.9517760617760619
5000 1.5005798612323242 0.9426315789473686
6000 1.5810693008773162 0.9336432637571158
7000 1.59339810590216 0.92480714957667
8000 1.6925359434359661 0.9161194029850747
9000 1.5372521847267502 0.9075763182238669
10000 1.1883571559827018 0.8991743119266055
11000 1.525534274756379 0.8909099181073704
12000 1.4505463741964002 0.8827797833935018
13000 1.888666141490816 0.8747806624888094
14000 1.4857994457837922 0.8669094138543518
15000 1.4504272783106744 0.8591629955947138
16000 1.8174481015585364 0.8515384615384616
17000 1.5969975008163235 0.8440329575021683
18000 1.3338537958081547 0.8366437177280552
19000 1.2210773246130522 0.8293680614859096
20000 1.4915848283523183 0.8222033898305086
21000 1.0020654865190053 0.8151471825063079
22000 1.6762170762692734 0.8081969949916529
23000 1.5192698629050894 0.8013504556752279
24000 1.052512079608503 0.7946052631578948
25000 1.1445428897129473 0.7879591836734694
26000 1.353589409127069 0.7814100486223664
27000 1.4961783540531404 0.7749557522123895
28000 1.7038698676659965 0.7685942492012781
29000 1.1874350724157252 0.7623235527359239
30000 1.8663490696390677 0.7561417322834646
31000 1.5849798417120406 0.7500469116497265
32000 1.501553639246505 0.7440372670807454
33000 1.428316423724 0.7381110254433307
34000 1.370886162943624 0.7322664624808576
35000 1.5014077399823322 0.7265019011406846
36000 1.8805779192432686 0.7208157099697887
37000 1.5931574408803657 0.715206301575394
38000 1.4082237985169939 0.709672131147541
39000 1.5242584097791343 0.7042116950407107
40000 1.718161604264278 0.6988235294117648
41000 1.089650617668721 0.6935062089116144
42000 1.7201792187657183 0.6882583454281568
43000 1.0308977415938747 0.6830785868781544
44000 0.998083695740267 0.6779656160458454
45000 1.7827508617564227 0.6729181494661922
46000 1.543685729867465 0.667934936350778
47000 1.3434234106011278 0.6630147575544625
48000 1.5014643392659934 0.6581564245810057
49000 1.735668257154137 0.6533587786259543
50000 1.6965197365460474 0.6486206896551725
51000 1.412711177210442 0.6439410555174777
52000 1.3202874774918745 0.6393188010899183
53000 1.148750666541162 0.6347528774542994
54000 1.8591481268440582 0.630242261103634
55000 1.434715978049532 0.6257859531772575
56000 1.6632097591987085 0.6213829787234043
57000 1.4296982023736589 0.6170323859881032
58000 1.496122063936713 0.6127332457293037
59000 1.894605326503838 0.6084846505551927
60000 1.416216751693928 0.6042857142857143
61000 1.732979117461051 0.6001355713363461
62000 1.500277077283763 0.5960333761232349
63000 1.2902277425410562 0.5919783024888322
64000 1.4428003400821958 0.5879695431472082
65000 1.6825617158806345 0.5840063091482651
66000 1.1623696628448381 0.5800878293601004
67000 1.5588100804622393 0.5762133499688086
68000 1.5179276956890844 0.5723821339950372
69000 1.745070457091085 0.5685934608266503
70000 1.1991323286335234 0.5648466257668712
71000 1.5363302924599584 0.5611409395973156
72000 1.3959701019079187 0.5574757281553399
73000 1.4405447871936665 0.553850331925166
74000 1.5160346211771651 0.550264105642257
75000 1.5176970071929567 0.5467164179104479
76000 1.4726752901025828 0.543206650831354
77000 1.6709986255034834 0.5397341996455995
78000 1.3718757623238536 0.5362984723854289
79000 1.1479741213301509 0.5328988895382818
80000 1.4189200996800855 0.5295348837209303
81000 1.6144296505582025 0.5262058993637941
82000 1.4008213023320293 0.5229113924050633
83000 1.2712177230123904 0.519650829994276
84000 1.2113654253652428 0.5164236902050114
85000 1.3303892834478095 0.513229461756374
86000 1.2868580776357634 0.5100676437429539
87000 0.9813733960859092 0.506937745372967
88000 1.2478977199512307 0.5038392857142858
89000 1.8340266044549631 0.5007717934480845
90000 1.3035651521312603 0.49773480662983427
91000 1.5479927550994916 0.49472787245739425
92000 1.7476618621581514 0.491750547045952
93000 1.3158205479353948 0.4888023952095809
94000 1.385526305234938 0.48588299024918746
95000 1.7589978531676067 0.48299191374663075
96000 1.7872096761606322 0.4801287553648069
97000 1.060784758805997 0.47729311265349716
98000 1.3629503369591336 0.4744845908607864
99000 1.694047140186028 0.47170280274986787
100000 1.297909411783822 0.46894736842105267
101000 1.1076978312846957 0.46621791513881616
102000 1.1268030866115017 0.4635140771637123
103000 1.133417688872622 0.4608354955889985
104000 1.3984569797812352 0.45818181818181825
105000 1.2158140000575497 0.4555526992287918
106000 1.437674496596732 0.45294779938587515
107000 0.9683737668529557 0.45036678553234843
108000 1.6300433056751555 0.44780933062880335
109000 1.6095673613256232 0.4452751135790006
110000 1.4958555787167085 0.44276381909547746
111000 1.483063582331413 0.44027513756878445
112000 1.6376537101925621 0.4378087649402391
113000 1.6227698654026543 0.4353644025780863
114000 1.7330021555258686 0.4329417571569596
115000 1.9096660872692932 0.4305405405405406
116000 1.7177065363656057 0.428160469667319
117000 1.595942593597976 0.4258012664393571
118000 1.1120303425642968 0.4234626576139672
119000 1.5108953598456336 0.42114437469821353
120000 1.5369115676909435 0.41884615384615387
121000 1.2829634568200798 0.4165677357587363
122000 1.399697114174851 0.4143088655862728
123000 1.515286064971294 0.4120692928334124
124000 1.6806774888021292 0.4098487712665406
125000 1.489861617609181 0.4076470588235295
126000 1.1827507977565972 0.40546391752577327
127000 1.5733406962392293 0.4032991133924406
128000 1.6897781670475283 0.4011524163568774
129000 1.3236676042914617 0.3990236001850995
130000 1.4700858617996628 0.3969124423963134
131000 1.5147154128021525 0.3948187241854061
132000 1.3995643011087884 0.39274223034734923
133000 1.4592420338747343 0.39068274920345936
134000 1.268102039925186 0.38864007252946514
135000 1.5119292518183927 0.3866139954853274
136000 0.9934939911263763 0.3846043165467626
137000 0.9331617072428045 0.38261083743842367
138000 1.278492334559709 0.3806333630686887
139000 1.7113124262921984 0.3786717014660151
140000 1.5263969335184566 0.37672566371681415
141000 1.0525170451078998 0.3747950639048039
142000 1.4762444395464387 0.37287971905179995
143000 1.3442946728108742 0.3709794490599039
144000 1.0685307864186706 0.36909407665505234
145000 1.1866301967301152 0.3672234273318873
146000 1.6635740738853997 0.3653673292999136
147000 1.3017058233393595 0.3635256134309084
148000 1.7145693578759276 0.36169811320754724
149000 1.4261893679081628 0.3598846646732166
150000 1.6270382877447545 0.35808510638297886
151000 1.3053399799507266 0.35629927935565925
152000 1.6485247331000437 0.3545270270270271
153000 1.7112352612968023 0.3527681952040388
154000 1.404525373771635 0.35102263202011735
155000 1.307749842880555 0.34929018789144056
156000 1.7809549818769193 0.3475707154742097
157000 1.3442698848455379 0.3458640696228761
158000 1.0784748366511188 0.3441701073492982
159000 1.3444312208159475 0.34248868778280545
160000 1.2779162364357524 0.3408196721311476
161000 1.588064905792483 0.33916292364230305
162000 1.3503310671507278 0.33751830756712775
163000 1.4564216346554089 0.3358856911228213
164000 1.2315458984035832 0.33426494345718905
165000 1.8261344419943288 0.33265593561368206
166000 1.3078719105609045 0.33105854049719335
167000 1.3165465910387306 0.3294726328405913
168000 1.3441099174129696 0.32789808917197455
169000 1.5757067913791967 0.326334787782626
170000 1.3281529002329222 0.3247826086956522
171000 1.8854141736035028 0.3232414336352895
172000 1.051923919958402 0.32171114599686035
173000 1.3601492143412517 0.3201916308173642
174000 1.3808228069916457 0.31868277474668755
175000 1.179380679902248 0.3171844660194175
176000 1.839010813090943 0.3156965944272447
177000 1.0267377890203293 0.3142190512919399
178000 1.3650697500892448 0.31275172943889323
179000 1.4690823167152418 0.3112945231711989
180000 1.6310478357097375 0.30984732824427486
181000 1.5366094786948445 0.30841004184100423
182000 1.3506958643217402 0.30698256254738443
183000 1.333752304775425 0.30556479032867395
184000 1.463832099508516 0.3041566265060242
185000 1.4469413105990054 0.30275797373358354
186000 1.2943572998623898 0.3013687359760659
187000 1.5179319494173211 0.2999888184867686
188000 0.9770896160545632 0.2986181277860327
189000 1.5786648453479848 0.2972565716401333
190000 1.649094682417578 0.2959040590405905
191000 1.379332421755643 0.2945605001838911
192000 1.588099026901871 0.293225806451613
193000 1.713320513546304 0.291899890390939
194000 1.5261927945084282 0.29058266569555724
195000 1.445386406027836 0.2892740471869329
196000 1.0507820467810247 0.2879739507959479
197000 1.6631735466649538 0.28668229354489727
198000 1.4029252739877542 0.28539899352983467
199000 1.6771453620132806 0.2841239699032605
200000 1.5504652061537882 0.2828571428571429
201000 1.205428616152639 0.2815984336062656
202000 1.3823248836136894 0.280347764371895
203000 1.2201557102781413 0.27910505836575883
204000 1.6759410206556273 0.2778702397743301
205000 1.3972059437630049 0.27664323374340954
206000 1.4719317895987483 0.2754239663629993
207000 1.2141345075912122 0.2742123646524625
208000 1.4614259674471306 0.27300835654596106
209000 1.1637734485293487 0.2718118708781673
210000 1.2868895538937144 0.2706228373702423
211000 1.459913530033686 0.2694411866160745
212000 1.039440502525655 0.2682668500687758
213000 1.3850010601198637 0.2670997600274255
214000 1.251702075064264 0.2659398496240602
215000 1.3827817847506192 0.2647870528109029
216000 1.0673185930250793 0.2636413043478261
217000 1.6193828395302425 0.262502539790044
218000 1.4211949179269738 0.26137069547602976
219000 1.570661853642234 0.2602457085156513
220000 1.3705197670317246 0.2591275167785235
221000 1.2716061359819388 0.25801605888256945
222000 1.4699344147762048 0.25691127418278853
223000 1.1971289607307418 0.2558131027602262
224000 1.28068312418835 0.25472148541114065
225000 1.147088777655002 0.2536363636363637
226000 1.3105949063224176 0.25255767963085035
227000 1.3017154821633827 0.25148537627341444
228000 1.4511780339147373 0.25041939711664485
229000 1.3270430465712333 0.249359686377001
230000 1.507615601631767 0.24830618892508144
231000 1.4905149801088253 0.2472588502760637
232000 0.9097620929293262 0.24621761658031094
233000 1.158430562466168 0.24518243461414274
234000 1.4371784698600703 0.24415325177076624
235000 1.4022096569450397 0.24313001605136442
236000 1.5851778826330531 0.24211267605633813
237000 1.5027483258191594 0.2411011809766997
238000 1.0910005361577417 0.2400954805856143
239000 1.145952114370604 0.23909552523008576
240000 1.316766010366762 0.23810126582278485
241000 1.053022449161559 0.23711265383401708
242000 0.8424571309031874 0.23612964128382635
243000 1.4901458771716927 0.23515218073423289
244000 1.8698408707674052 0.2341802252816021
245000 1.3088815390671367 0.23321372854914202
246000 1.4185459643446587 0.2322526446795271
247000 1.2994296421537777 0.2312969283276451
248000 1.298181316897506 0.23034653465346538
249000 1.8959151531667495 0.22940141931502628
250000 1.3747192346756496 0.2284615384615385
251000 1.2048770003355187 0.22752684872660328
252000 1.4072406663910164 0.2265973072215423
253000 1.1097419205173895 0.22567287152883736
254000 1.550596078753364 0.22475349969567865
255000 1.084181025840926 0.22383915022761763
256000 1.1715627555550738 0.22292978208232445
257000 1.464757327720157 0.22202535466344703
258000 1.316809065270033 0.22112582781456958
259000 1.5667388421681059 0.22023116181326935
260000 1.283559393966037 0.21934131736526952
261000 1.1092200477061545 0.2184562555986862
262000 0.9923761123888366 0.2175759380583681
263000 1.3348962597744907 0.21670032670032674
264000 1.3515695017819418 0.21582938388625594
265000 1.3874979378246701 0.2149630723781389
266000 1.0250913055789985 0.2141013553329405
267000 0.914663035639315 0.21324419629738472
268000 1.527216853706335 0.21239155920281366
269000 1.513417004378207 0.21154340836012864
270000 1.380974312592891 0.2106997084548105
271000 1.44650246661744 0.2098604245420181
272000 1.3903599902033306 0.20902552204176333
273000 1.6408268553578695 0.2081949667341626
274000 1.1913966345717553 0.20736872475476054
275000 0.9149161683374676 0.2065467625899281
276000 0.8953855056651853 0.2057290470723307
277000 1.1449710515188118 0.20491554537646722
278000 1.1775545734995965 0.20410622501427755
279000 0.7274828954708559 0.20330105383081748
280000 1.2269082140581022 0.2025
281000 1.5531666212988509 0.2017030320204024
282000 1.4397958787393819 0.2009101187111363
283000 1.055654585740482 0.2001212292077813
284000 1.3033048917358998 0.19933633295838027
285000 1.4172333801013703 0.19855539971949515
286000 1.3593511817142097 0.1977783995523224
287000 1.5640886623772015 0.1970053028188669
288000 1.1123973126058444 0.1962360801781738
289000 1.105786560205419 0.195470702582616
290000 1.4105459198261352 0.19470914127423827
291000 1.1974777640345404 0.19395136778115507
292000 1.1915028524478632 0.19319735391400228
293000 0.9089560657333122 0.19244707176244163
294000 1.3011413198023927 0.191700493691717
295000 1.2710029378872667 0.19095759233926135
296000 0.7486638634046934 0.1902183406113538
297000 1.1547332312180396 0.18948271167982578
298000 1.346107338657737 0.18875067897881592
299000 1.2546159193145203 0.18802221620157145
300000 1.3629493373216877 0.18729729729729738
301000 1.3574673406040954 0.18657589646805073
302000 1.4903603147430033 0.1858579881656805
303000 1.6791798273044447 0.18514354708881142
304000 1.0901614112920273 0.1844325481798716
305000 1.1773718763623202 0.18372496662216292
306000 1.2876515835331872 0.18302077783697396
307000 1.216991313405086 0.18231995748073349
308000 1.0971646509493544 0.18162248144220577
309000 1.304575705744421 0.18092832583972496
310000 1.3841762464742464 0.1802374670184697
311000 1.1410789046864314 0.1795498815477758
312000 1.2714207949949228 0.17886554621848744
313000 1.6366232653329043 0.17818443804034584
314000 0.99938224011508 0.17750653423941454
315000 1.1172533836869325 0.17683181225554112
316000 1.264366346517004 0.1761602497398544
317000 0.7407493676539962 0.17549182455229695
318000 1.2327862466486648 0.17482651475919214
319000 1.3842122666481165 0.17416429863084476
320000 1.074019318662303 0.17350515463917532
321000 1.248805222738421 0.17284906145538703
322000 1.0878235674386088 0.1721959979476655
323000 1.4527007257940667 0.1715459431789097
324000 1.1086430341065059 0.17089887640449442
325000 0.9876606881758117 0.1702547770700637
326000 1.2113195231030376 0.16961362480935438
327000 1.2363932510874096 0.16897539944204926
328000 1.173577583829397 0.16834008097165998
329000 1.2647998286229125 0.16770764958343853
330000 1.0913029310316054 0.1670780856423174
331000 1.3533119691352065 0.16645136969087715
332000 1.2020274909019235 0.16582748244734208
333000 1.6509333472396168 0.1652064048036027
334000 1.081240476720578 0.1645881178232651
335000 1.5430097779694971 0.16397260273972603
336000 0.9889667389738128 0.16335984095427436
337000 1.1755384483089624 0.16274981403421773
338000 1.1150307850480177 0.16214250371103417
339000 1.2728663959149236 0.16153789187854856
340000 1.5676114242646038 0.16093596059113302
341000 0.7396299255488291 0.16033669206193168
342000 1.2645101619537935 0.1597400686611084
343000 1.1311000506201192 0.15914607291411798
344000 1.1785404940611044 0.1585546875
345000 1.1854862353816953 0.15796589524969556
346000 1.2341479483736582 0.15737967914438505
347000 1.3143743003412236 0.1567960223138492
348000 1.4450408921538944 0.15621490803485
349000 1.7170856443608207 0.15563631972953396
350000 1.365963365198592 0.15506024096385546
351000 1.102096897069595 0.15448665544602075
352000 0.7245211911908185 0.15391554702495208
353000 1.7432199715599705 0.1533468996887719
354000 0.9059821790168987 0.1527806975633063
355000 1.3982855812714579 0.1522169249106079
356000 1.1856294058962646 0.1516555661274977
357000 0.7709127563198148 0.15109660574412537
358000 1.225343404643584 0.1505400284225486
359000 1.0599181687686074 0.14998581895532975
360000 1.7787277551632505 0.14943396226415095
361000 1.472914667106144 0.14888444339844675
362000 1.3711393667832525 0.14833724753405358
363000 1.6730871264267073 0.14779235997187729
364000 1.361011850532155 0.1472497661365763
365000 1.4717345580794419 0.14670945157526255
366000 1.1179633964049558 0.14617140195621797
367000 1.4403994692784958 0.1456356030676273
368000 1.224943061741309 0.1451020408163266
369000 1.5623629591027108 0.14457070122656795
370000 1.0865337230022638 0.14404157043879912
371000 1.0930913126551958 0.14351463470845816
372000 1.1539084448929406 0.14298988040478383
373000 0.8415594405866574 0.1424672940096397
374000 1.2195017919808073 0.1419468621163537
375000 1.035950888824098 0.14142857142857146
376000 1.2520335530845654 0.14091240875912409
377000 1.3889851426241617 0.14039836102890968
378000 0.9793927446717646 0.13988641526578827
379000 1.2747128295194674 0.1393765586034913
380000 1.2825280563588612 0.138868778280543
381000 1.158894306007426 0.1383630616391962
382000 1.1307728311440681 0.13785939612438036
383000 1.7765826220655492 0.13735776928266247
384000 1.1535241557828564 0.13685816876122087
385000 0.856473823841865 0.13636058230683096
386000 1.341555273716299 0.13586499776486366
387000 0.6850038345702426 0.13537140307829576
388000 1.0605533413270984 0.13487978628673197
389000 1.2201648582579447 0.13439013552543877
390000 0.9695163420083365 0.13390243902439025
391000 0.9962118751490712 0.13341668510732463
392000 1.2183256012959394 0.13293286219081274
393000 1.0592620898679888 0.13245095878333701
394000 1.4109874473753874 0.13197096348438186
395000 1.189789710407291 0.13149286498353463
396000 0.985113679804666 0.13101665205959684
397000 0.7778352973689262 0.13054231357970697
398000 1.3134990624273968 0.13006983849847226
399000 1.2068326587486395 0.12959921585711176
400000 1.0582045318282924 0.12913043478260872
401000 1.3212427947319991 0.12866348448687354
402000 1.2101259258082806 0.12819835426591597
403000 0.977236172032353 0.12773503349902743
404000 1.0153718458345704 0.1272735116479724
405000 1.4484636663198238 0.12681377825618945
406000 0.636887845130728 0.12635582294800174
407000 1.0535564416193872 0.12589963542783617
408000 1.0128489314445805 0.1254452054794521
409000 1.1681245111295784 0.12499252296517845
410000 1.3084282983109201 0.12454157782515997
411000 1.1643857540973037 0.12409236007661208
412000 0.617056912524433 0.12364485981308411
413000 1.217276924976329 0.12319906720373121
414000 1.5862501112090763 0.12275497249259419
415000 1.1490086620534041 0.1223125659978881
416000 1.2759292904347235 0.12187183811129852
417000 1.234781123461045 0.12143277929728595
418000 1.14907319981304 0.12099538009239814
419000 1.0274818853063001 0.12055963110459027
420000 1.5445333850841414 0.12012552301255235
421000 1.2232595757156046 0.11969304656504494
422000 0.8439978723011501 0.11926219258024177
423000 1.0477345925738262 0.1188329519450801
424000 1.2408588830364318 0.11840531561461796
425000 0.7713386826396055 0.11797927461139902
426000 1.0564625494703646 0.11755482002482419
427000 1.301012746412641 0.11713194301053069
428000 0.9015247978330723 0.1167106347897774
429000 1.3577921661005723 0.11629088664883773
430000 0.7295646253823993 0.11587268993839837
431000 1.5076357548808845 0.1154560360729658
432000 0.8017664808478824 0.11504091653027824
433000 1.0312416346711077 0.11462732285072495
434000 0.9074614647904655 0.11421524663677128
435000 1.1204195738692966 0.11380467955239067
436000 0.8815981758810016 0.11339561332250207
437000 0.5894511063691171 0.11298803973241438
438000 1.0896090692668319 0.11258195062727643
439000 1.3529688931042758 0.11217733791153302
440000 1.340659382546919 0.11177419354838712
441000 1.0750620272398947 0.11137250955926749
442000 1.0277915838503484 0.11097227802330255
443000 0.9302250719477041 0.11057349107679969
444000 1.0168293104517385 0.11017614091273019
445000 0.5900485724474078 0.1097802197802198
446000 1.2663048015744303 0.10938571998404469
447000 1.3165159704809044 0.10899263388413301
448000 0.9218129702984894 0.10860095389507156
449000 1.0623112359306401 0.10821067248561793
450000 1.17479374852236 0.10782178217821785
451000 1.0625226195912654 0.1074342755485274
452000 0.9079704891562431 0.10704814522494081
453000 0.838921617944986 0.10666338388812292
454000 1.030679274069211 0.10627998427054659
455000 1.0674884205798492 0.10589793915603536
456000 1.2511909017791047 0.10551724137931036
457000 1.1292745432512663 0.10513788382554272
458000 0.8945643393371681 0.10475985942991022
459000 0.7557146775151469 0.10438316117715844
460000 0.6183575131622485 0.1040077821011673
461000 1.152148226767586 0.10363371528452127
462000 0.9220169899705312 0.10326095385808452
463000 1.1897128125322682 0.10288949100058063
464000 0.8653957600004475 0.10251931993817621
465000 1.1424355151505576 0.10215043394406943
466000 1.0265248391338497 0.10178282633808243
467000 1.1322807808720685 0.10141649048625793
468000 1.3262111936385408 0.10105141980046047
469000 1.1199843785234342 0.10068760773798123
470000 1.4023085018663508 0.10032504780114727
471000 1.2401763007754572 0.09996373353693454
472000 1.0164887862439973 0.09960365853658541
473000 0.9506634778736338 0.09924481643522924
474000 1.3105207814879467 0.09888720091150781
475000 1.0529617530266449 0.09853080568720383
476000 1.0983662102125424 0.0981756245268736
477000 0.9384973217696436 0.09782165123748347
478000 1.1850095229868043 0.09746887966804983
479000 1.1265157707611593 0.09711730370928263
480000 0.9388393700900957 0.0967669172932331
481000 0.8589243253853042 0.09641771439294429
482000 1.1874967091324224 0.09606968902210568
483000 1.355659885740565 0.09572283523471108
484000 0.5708033578587001 0.09537714712471997
485000 0.9056206473728793 0.0950326188257223
486000 0.8060488544486407 0.09468924451060666
487000 0.9228396089809839 0.09434701839123168
488000 1.158565836096633 0.09400593471810094
489000 1.4979539645764461 0.09366598778004075
490000 0.9941607471319962 0.09332717190388172
491000 1.0527657753389426 0.09298948145414286
492000 1.1213812023595509 0.09265291083271925
493000 0.9311289873838504 0.09231745447857274
494000 1.120052089980995 0.09198310686742565
495000 0.6766597362761637 0.09164986251145739
496000 0.7664917621746538 0.09131771595900438
497000 1.0661918776050092 0.09098666179426278
498000 1.1016922661071706 0.09065669463699381
499000 0.9197760928992816 0.09032780914223278
500000 0.7776284759610728 0.09000000000000001
501000 0.8765397332116278 0.08967326193501544
502000 0.9956463734115435 0.08934758970641539
503000 1.3265177707814582 0.08902297810747241
504000 1.0377264160346276 0.08869942196531795
505000 0.9009832720074964 0.0883769161406673
506000 0.7474729724509412 0.08805545552754772
507000 0.6594256873062936 0.08773503505302897
508000 1.3849360816521379 0.08741564967695621
509000 1.048179375670896 0.08709729439168608
510000 0.7587929899957476 0.0867799642218247
511000 0.9956177588131716 0.08646365422396858
512000 0.8765281817465616 0.08614835948644793
513000 0.6471304409115058 0.08583407512907247
514000 1.5974574390445304 0.0855207963028795
515000 0.8031187761300644 0.08520851818988466
516000 1.180003576607957 0.08489723600283487
517000 0.6757844925788055 0.08458694498496373
518000 1.1978043555358906 0.08427764040974924
519000 0.9172824677125794 0.08396931758067362
520000 1.194631662718499 0.08366197183098593
521000 0.9693817199675139 0.08335559852346634
522000 0.8440783710327129 0.08305019305019305
523000 0.7389233103314787 0.08274575083231121
524000 1.1242291094758288 0.08244226731980407
525000 1.1621453446519183 0.08213973799126638
526000 1.342469617572319 0.08183815835367982
527000 1.0867258336235852 0.0815375239421905
528000 0.6991140637221968 0.08123783031988872
529000 0.8270916733207917 0.0809390730775907
530000 0.795695608399015 0.08064124783362218
531000 0.9454237148939737 0.08034435023360444
532000 0.9344802018413669 0.08004837595024188
533000 0.8401340429357211 0.07975332068311196
534000 1.2405649996352803 0.07945918015845678
535000 0.9839727144533873 0.07916595012897677
536000 0.8975826469485175 0.0788736263736264
537000 0.8810504419280138 0.0785822046974113
538000 0.8607483312848714 0.07829168093118795
539000 1.0123096207888633 0.07800205093146471
540000 0.6145234554666426 0.0777133105802048
541000 0.7875700948905342 0.0774254557846311
542000 0.5131143236436135 0.07713848247703302
543000 0.8118929609948287 0.07685238661457448
544000 0.7750904318112339 0.07656716417910446
545000 0.8424946638076826 0.07628281117696868
546000 0.811989588626598 0.07599932363882313
547000 0.7346697487240631 0.07571669761944962
548000 1.0497358268746804 0.07543492919757248
549000 0.9190201734903287 0.07515401447567747
550000 0.6236200901793436 0.07487394957983194
551000 1.0658322593306786 0.07459473065950663
552000 0.8525683935953041 0.07431635388739948
553000 0.828172984649812 0.07403881545926051
554000 0.9849082544650511 0.07376211159371866
555000 0.7922523753812419 0.0734862385321101
556000 0.9334344617258362 0.07321119253830778
557000 0.7618502864369898 0.07293696989855313
558000 0.9779033784644098 0.07266356692128863
559000 0.29443838105571496 0.07239097993699221
560000 0.971807423028408 0.07211920529801323
561000 0.8958936294574147 0.07184823937840966
562000 1.3710054686172435 0.07157807857378672
563000 0.7599276768391183 0.07130871930113734
564000 0.6926051338591512 0.07104015799868336
565000 1.0026305413466192 0.07077239112571902
566000 0.526381012973839 0.07050541516245491
567000 0.933889151612846 0.07023922660986402
568000 0.9638791448896074 0.06997382198952883
569000 1.0078971325492332 0.06970919784348965
570000 0.7409008066465188 0.06944535073409462
571000 0.7975669891994788 0.06918227724385083
572000 1.251173652529249 0.06891997397527654
573000 0.6364766167010949 0.06865843755075525
574000 0.7428718439517012 0.06839766461239057
575000 1.130393579974373 0.06813765182186236
576000 0.8152689870577079 0.06787839586028464
577000 0.986246698659631 0.06761989342806397
578000 0.8978729686779006 0.06736214124475977
579000 0.6405649138006356 0.06710513604894545
580000 0.9208818572382522 0.06684887459807075
581000 0.9224325622800719 0.0665933536683256
582000 0.7022794674340499 0.06633857005450468
583000 0.3416664107027946 0.06608452056987356
584000 0.5557665675462292 0.06583120204603583
585000 0.7596480435426591 0.06557861133280131
586000 0.9355843824723766 0.06532674529805547
587000 0.6113431153476868 0.06507560082763013
588000 0.7199099389353145 0.06482517482517484
589000 1.0389276432623031 0.06457546421202985
590000 0.9848400908615483 0.06432646592709985
591000 0.6146845925519793 0.06407817692672892
592000 1.1490079117693006 0.06383059418457653
593000 0.8209311197624516 0.06358371469149442
594000 1.3410708302076197 0.06333753545540498
595000 0.5728601686096361 0.0630920535011802
596000 0.9966661263627851 0.06284726587052171
597000 0.8687841121658652 0.06260316962184219
598000 0.6998569891655635 0.06235976183014731
599000 0.665036529851171 0.06211703958691912
600000 0.8632697277084718 0.06187500000000003
601000 0.7594615729015004 0.06163364019347793
602000 0.8467593461033427 0.06139295730757245
603000 0.7983803400129788 0.06115294849852189
604000 0.8421868317730792 0.06091361093847113
605000 0.9972249624443532 0.06067494181536075
606000 0.5582958636543324 0.06043693833281687
607000 0.9260428541292296 0.06019959771004178
608000 0.8135196676953902 0.059962917181705835
609000 0.9227715717631993 0.059726893997839856
610000 0.5657971733325202 0.05949152542372883
611000 0.9661295833441071 0.05925680873980614
612000 0.9912183392345277 0.05902274124154887
613000 0.6911980923768426 0.058789320239373985
614000 0.7517359732823035 0.058556543058535096
615000 0.7570592977129729 0.058324407039020656
616000 0.5625970879426252 0.05809290953545233
617000 0.613413766376064 0.05786204791698461
618000 0.750263734225006 0.05763181956720513
619000 0.7233407960853975 0.057402221884035945
620000 0.5763599818280968 0.05717325227963528
621000 0.774362530183396 0.0569449081803005
622000 0.5231346352007833 0.05671718702637164
623000 0.6158846132231359 0.05649008627213563
624000 0.7676957100894035 0.056263603385731595
625000 0.6677656013676776 0.05603773584905662
626000 0.852707232480017 0.05581248115767261
627000 0.8428332112898863 0.05558783682071354
628000 0.5118144068513161 0.05536380036079376
629000 1.025757587268025 0.055140369313916845
630000 0.5835238477891805 0.05491754122938532
631000 0.4839046205428841 0.054695313669711046
632000 0.5927599414963147 0.05447368421052633
633000 0.7703317722406637 0.05425265044049575
634000 0.6308950394987068 0.05403220996122875
635000 0.8057033335783599 0.05381236038719288
636000 1.0261593765147432 0.0535930993456276
637000 0.4601404446374279 0.05337442447645922
638000 0.6734688093300731 0.05315633343221597
639000 0.7301560534399067 0.052938823877944005
640000 0.35150618193511446 0.052721893491124286
641000 0.2753108946926254 0.05250553996158962
642000 0.5242758430217216 0.052289760991442905
643000 0.6562219869478026 0.05207455429497569
644000 0.7235058850776681 0.05185991759858742
645000 0.613939195835008 0.051645848640705386
646000 0.43870586170630005 0.05143234517170532
647000 0.6201345552642239 0.051219404953832634
648000 0.8653685995963201 0.05100702576112413
649000 0.36837284134724446 0.05079520537933051
650000 0.4301843020522106 0.050583941605839414
651000 1.1566724109049864 0.05037323224959907
652000 0.6525995845834343 0.050163075131042525
653000 0.8364851799194816 0.049953468082012495
654000 1.069097512448324 0.04974440894568692
655000 0.5017701406547386 0.049535895576504715
656000 0.498233881603646 0.049327925840092726
657000 0.6576615932308193 0.04912049761319255
658000 0.4400109421299457 0.048913608783588566
659000 0.6401207887825586 0.04870725725003609
660000 0.5585890730999236 0.048501440922190206
661000 0.49698880125506617 0.048296157720535346
662000 1.051797584636712 0.04809140557631504
663000 0.4119701934598408 0.0478871824314626
664000 0.8959751338323958 0.04768348623853212
665000 0.41343393801624306 0.04748031496062992
666000 0.4799908607325665 0.04727766657134687
667000 0.7737497126092358 0.04707553905469085
668000 0.6745951979795632 0.046873930405019956
669000 0.5765952266970865 0.0466728386269762
670000 0.5457172089068906 0.04647226173541964
671000 0.4143647787531065 0.04627219775536297
672000 0.36312594187518404 0.04607264472190693
673000 0.8921367927811409 0.04587360068017572
674000 0.48487575232681573 0.04567506368525333
675000 0.6721973643769065 0.04547703180212016
676000 0.4367201973153325 0.04527950310559005
677000 0.6906281359043178 0.04508247568024813
678000 0.3077514056884283 0.044885947620388625
679000 0.40739644574162204 0.04468991702995358
680000 0.8964425830159218 0.044494382022471926
681000 0.5907553160741638 0.04429934072099874
682000 0.3890537773578744 0.044104791258055484
683000 0.6592469949783786 0.043910731775570186
684000 0.4238655751671064 0.04371716042481834
685000 0.5672527057225147 0.043524075366364254
686000 0.6495918648725343 0.04333147477000278
687000 0.15966912618540408 0.043139356814701366
688000 0.3656877826137849 0.04294771968854284
689000 0.7094599937012841 0.042756561588668265
690000 0.7345403043710705 0.04256588072122057
691000 0.6115220706621883 0.04237567530128829
692000 0.5795124904202184 0.04218594355285003
693000 0.4172149015252714 0.041996683708719104
694000 0.5296239201553681 0.04180789401048855
695000 0.6027609160499976 0.041619572708476923
696000 0.6173097391174206 0.04143171806167405
697000 0.6548267705700399 0.04124432833768736
698000 0.6961243404283418 0.04105740181268884
699000 0.4098850013862433 0.040870936771361985
700000 0.5533290152689608 0.040684931506849334
701000 0.5241561077441074 0.040499384320700535
702000 0.4143913007239637 0.04031429352282047
703000 0.6436000076768126 0.04012965743141807
704000 0.3243732290910519 0.0399454743729553
705000 0.5049319768684364 0.03976174268209669
706000 0.4598201967373808 0.03957846070165898
707000 0.3971722885179795 0.03939562678256146
708000 0.3529000926497886 0.03921323928377647
709000 0.41397794473096117 0.0390312965722802
710000 0.4011272586637042 0.038849797023004076
711000 0.7246543666446181 0.03866873901878633
712000 0.36680860997379017 0.03848812095032399
713000 0.364722895801977 0.038307941216125144
714000 0.2710766768874251 0.03812819822246162
715000 0.548312053835355 0.03794889038332215
716000 0.7034951404371206 0.037770016120365416
717000 0.4877899550076085 0.037591573862874025
718000 0.31911806121518227 0.03741356204770842
719000 0.3951569927150783 0.037235979119261145
720000 0.46702413237404894 0.0370588235294118
721000 0.3888076401525821 0.03688209373748165
722000 0.3003976529481 0.0367057882101894
723000 0.3772141432414143 0.036529905421606515
724000 0.3869961364328236 0.03635444385311336
725000 0.2299407758345964 0.036179401993355495
726000 0.6780438740563393 0.036004778338200163
727000 0.30178833034012326 0.03583057139069336
728000 0.38158159196638786 0.03565677966101698
729000 0.6277923200834159 0.03548340166644624
730000 0.3827863842080239 0.035310435931307796
731000 0.24793874996834497 0.03513788098693761
732000 0.8245371909665268 0.03496573537163945
733000 0.5283431331664192 0.03479399763064368
734000 0.35213438855303064 0.03462266631606627
735000 0.6415709903526456 0.03445173998686803
736000 0.27987099723855713 0.03428121720881429
737000 0.23634173532405667 0.034111096554434714
738000 0.5135167048799325 0.03394137660298353
739000 0.5235750694405197 0.03377205594039996
740000 0.22909284080303913 0.033603133159268925
741000 0.397653656160309 0.03343460685878212
742000 0.3511715843133308 0.03326647564469916
743000 0.36553327246307316 0.03309873812930923
744000 0.46279667831875426 0.03293139293139295
745000 0.5315088538126189 0.032764438676184296
746000 0.2309997317890521 0.03259787399533316
747000 0.4610127471941371 0.03243169752686782
748000 0.46406629560982954 0.03226590791515778
749000 0.42084195310127115 0.03210050381087716
750000 0.48424107639584923 0.03193548387096774
751000 0.356338521320714 0.03177084675860291
752000 0.5316308472421438 0.03160659114315141
753000 0.38565584587423446 0.03144271570014144
754000 0.37811661696081544 0.03127921911122529
755000 0.5625534953049819 0.031116100064143684
756000 0.2919602696703128 0.030953357252690925
757000 0.5657824037796667 0.030790989376679914
758000 0.2391629236400512 0.030628995141907436
759000 0.18308130966003475 0.030467373260120043
760000 0.318556451708621 0.03030612244897961
761000 0.46636729457228193 0.030145241432029554
762000 0.3865768803163923 0.029984728938661234
763000 0.4099771999535978 0.02982458370408035
764000 0.4985129330221743 0.02966480446927376
765000 0.23145854790199813 0.029505389980976557
766000 0.5859565913994403 0.02934633899163923
767000 0.2924443910403448 0.029187650259395168
768000 0.32007358836811334 0.029029322548028327
769000 0.48157185586770057 0.028871354626941056
770000 0.3418677225189156 0.028713745271122346
771000 0.46393753025541273 0.02855649326111602
772000 0.3443965659251819 0.02839959738298943
773000 0.31756655737660133 0.028243056428302146
774000 0.4803954241392592 0.028086869194074812
775000 0.35564041947121605 0.027931034482758618
776000 0.2656142985272999 0.027775551102204407
777000 0.2544519592900046 0.02762041786563242
778000 0.3592523504750405 0.027465633591602104
779000 0.35597730869562044 0.02731119710398204
780000 0.2393505988491838 0.027157107231920205
781000 0.3040059072708693 0.027003362809814427
782000 0.29961462443719383 0.026849962677282915
783000 0.2429810504489573 0.02669690567913509
784000 0.262236273897841 0.026544190665342596
785000 0.2591274734651763 0.026391816491010536
786000 0.24910411032816762 0.026239782016348787
787000 0.39908700465845326 0.02608808610664358
788000 0.39597073877643224 0.02593672763222936
789000 0.31854389905045283 0.02578570546846072
790000 0.3062230978405436 0.02563501849568435
791000 0.32197728403593034 0.02548466559921174
792000 0.2624709342694148 0.025334645669291347
793000 0.13856059450115404 0.025184957601081484
794000 0.21125954510258738 0.025035600294623137
795000 0.18822373083130076 0.02488657265481299
796000 0.15783163319916277 0.02473787359137676
797000 0.1145058267861132 0.024589502018842538
798000 0.24254246850988762 0.02444145685651429
799000 0.272702045077296 0.024293737028445853
800000 0.3274875635591515 0.02414634146341467
801000 0.32869980140211225 0.023999269094895873
802000 0.3590878661859584 0.023852518861036773
803000 0.39494629677844406 0.023706089704631103
804000 0.2752663944475197 0.023559980573093733
805000 0.1806285319021062 0.023414190418435413
806000 0.25228305084979924 0.02326871819723768
807000 0.2366803408987815 0.023123562870628098
808000 0.2541238928752174 0.022978723404255316
809000 0.22721095282535486 0.022834198768264716
810000 0.2863806112511718 0.022689987937273823
811000 0.248395035281549 0.022546089890348245
812000 0.3756132522903773 0.022402503610977384
813000 0.4029133573864924 0.022259228087050623
814000 0.2926677291458614 0.022116262310833537
815000 0.3180051050734053 0.021973605278944222
816000 0.4028488480857898 0.021831255992329837
817000 0.28132481940231296 0.021689213456243292
818000 0.14938704270269468 0.02154747668022007
819000 0.3399079567334378 0.021406044678055222
820000 0.24972927727029826 0.021264916467780462
821000 0.21060486265738995 0.021124091071641468
822000 0.14003481348451785 0.02098356751607526
823000 0.24405015157053384 0.020843344831687885
824000 0.23529629317335446 0.020703422053231932
825000 0.2609728144315324 0.02056379821958458
826000 0.2447999751365506 0.020424472373725425
827000 0.143403958201997 0.02028544356271468
828000 0.19684828342722077 0.02014671083767157
829000 0.1989463696652807 0.020008273253752554
830000 0.26643322217579896 0.019870129870129885
831000 0.26718644342669856 0.019732279749970535
832000 0.25794483605732627 0.019594721960414715
833000 0.24376403658838988 0.01945745557255503
834000 0.13026698109117016 0.019320479661415466
835000 0.19761198002451388 0.019183793305930716
836000 0.13751943186175844 0.01904739558892539
837000 0.20465590086050167 0.018911285597093666
838000 0.16299401173323758 0.018775462420978703
839000 0.1966231497427782 0.01863992515495265
840000 0.3101088215890939 0.018504672897196303
841000 0.11911197475038578 0.018369704749679097
842000 0.3052780879414215 0.01823501981813945
843000 0.2815284692381842 0.018100617212064754
844000 0.17019867513376252 0.017966496044671945
845000 0.35994709359154814 0.017832655432887853
846000 0.09697128025730307 0.01769909449732994
847000 0.2295189359106747 0.017565812362286923
848000 0.26655583179975906 0.01743280815569974
849000 0.16153209957910153 0.017300081009142473
850000 0.20179500982228019 0.017167630057803487
851000 0.16177281142346572 0.0170354544404666
852000 0.19718415622810173 0.016903553299492405
853000 0.15371034006171252 0.01677192578079982
854000 0.0932232349861993 0.01664057103384757
855000 0.21589980922843324 0.016509488211615866
856000 0.11626658472983586 0.01637867647058823
857000 0.13615282226841877 0.016248134970733394
858000 0.22515893876197762 0.01611786287548729
859000 0.22137504218617496 0.015987859351735204
860000 0.1856131190493099 0.01585812356979406
861000 0.24388063843004307 0.0157286547033947
862000 0.24975064089187204 0.015599451929664318
863000 0.2215351447577008 0.01547051442910917
864000 0.2584753873173031 0.015341841385597091
865000 0.21643722795846596 0.015213431986340356
866000 0.11643038522062041 0.01508528542187855
867000 0.20328303608584186 0.014957400886061567
868000 0.06343900534077619 0.014829777576032682
869000 0.10042616398738885 0.014702414692211785
870000 0.16838202886056208 0.014575311438278601
871000 0.16369947105643948 0.01444846702115625
872000 0.3075377091801462 0.0143218806509946
873000 0.12514223628372062 0.014195551541153914
874000 0.11300768917395054 0.014069478908188604
875000 0.13100104968711898 0.013943661971831
876000 0.15117036746207843 0.013818099954975238
877000 0.13475657754181292 0.01369279208366131
878000 0.20377652743215768 0.013567737587059078
879000 0.0651712007987438 0.013442935697452599
880000 0.17020342014234574 0.013318385650224224
881000 0.21106185521536444 0.013194086683839187
882000 0.15340897947262214 0.013070038039829965
883000 0.12199825109758576 0.01294623896278084
884000 0.20605883831757202 0.012822688700312654
885000 0.13815214803731382 0.012699386503067497
886000 0.14338915856504234 0.01257633162469357
887000 0.25048794162312404 0.012453523321830126
888000 0.10905186211732452 0.01233096085409252
889000 0.2137318077509973 0.012208643484057341
890000 0.278859067153801 0.01208657047724751
891000 0.2455202342278335 0.01196474110211776
892000 0.047501836195412254 0.011843154630039876
893000 0.12927292168620438 0.011721810335288255
894000 0.08378386980639918 0.011600707495025439
895000 0.07805977420667186 0.011479845389287702
896000 0.168005422100813 0.011359223300970889
897000 0.21603951485710898 0.011238840515816167
898000 0.15197909541502924 0.01111869632239594
899000 0.11027052294597184 0.010998790012099871
900000 0.07440081109967658 0.010879120879120893
901000 0.1143637391308921 0.010759688220441335
902000 0.09176407191620906 0.010640491335819263
903000 0.0656727428304616 0.010521529527774728
904000 0.07561920276686643 0.01040280210157618
905000 0.06572589070006993 0.01028430836522691
906000 0.040636668171707434 0.010166047629451613
907000 0.04067646220504431 0.010048019207683084
908000 0.0490310110100564 0.00993022241604885
[[27], [24], [0], [89, 96, 97, 99], [10], [14], [50, 51, 60], [7, 8, 9], [43, 44, 45, 54], [29], [22, 23, 30, 31, 32, 33, 40, 41, 42, 53, 80], [52, 59, 61, 62, 64, 65, 66, 67, 70, 71, 74, 75, 77, 78, 79, 83, 84, 85, 86, 87, 88, 98], [82], [5, 15], [1, 20, 21], [6], [57], [17, 18, 19, 28, 38, 39, 46, 47, 48, 49, 55, 56, 58, 63, 68, 69, 72, 73, 76, 81, 90, 91, 92, 93, 94, 95], [16, 25, 26, 34, 35, 36, 37], [2, 3, 4, 11, 12, 13]]
<html>
  <head>
    <title>Gerry</title>
    <script src='https://cdnjs.cloudflare.com/ajax/libs/mathjax/2.7.4/MathJax.js?config=TeX-MML-AM_CHTML' async></script>
    <script type="text/x-mathjax-config">
    MathJax.Hub.Config({
      tex2jax: {inlineMath: [['$','$'], ['\\(','\\)']]}
    });
    </script>
    <style type="text/css">
      body {
        background-color: black;
        color: white;
        font-family: Arial;
        margin-bottom: 30px;
      }
      .header {
        text-align: center;
        font-weight: bold;
      }
      .header .logo {
        font-size: 100pt;
        transform: rotate(-45deg);
      }
      .header .name {
        font-size: 24pt;
      }

      .content {
        max-width: 800px;
        margin: 0 auto;
      }

      table.requirements {
        border-collapse: collapse;
        width: 100%;
      }

      table.requirements th, td {
        padding: 15px;
        text-align: left;
        border-bottom: 1px solid #ddd;
      }

      table.requirements tr:last-child td {
        border-bottom: none;
      }
      
      a {
        color: white;
      }

      .submission-error {
        color: red;
      }

      .submission-success {
        color: green;
      }
    </style>
  </head>
  <body>
    <div class="header">
      <div class="logo">E</div>
      <div class="name">E CORP</div>
    </div>

    <div class="content">
      <h2>TICKET #CONSULT-49343</h2>

      
<h3>Summary</h3>
<p>A certain political party has reached out to us asking for help drawing the districts before an upcoming election. They need to win more seats in an oddly grid like state. Help them win while remaining within fairness criteria imposed by the local redistricting committee.</p>

<h3>Technical Details</h3>
<h4>Districts and Blocks</h4>
<p>
  The state is an $n$ by $n$ grid, composed of $n^2$ different blocks.
  Sets of blocks can be combined into $D$ different districts.
  Blocks are labeled by integers $0 \leq i \lt n^2$.
  A block's coordinate is $(\lfloor i/n \rfloor, i\ \mathrm{mod}\ n)$, its neighbors are the blocks it shares a full side with.
  You will be provided $a_i$ and $b_i$ for each district $i$, these are the number of voters of party A and B, respectively. The population of a block is $a_i + b_i$.
  For this problem, $n = 10, D = 20$.
</p>

<h4>How To Win</h4>
<p>
  The client only cares about one thing: maximizing the number of districts party A expects to win.
  Each voter in party X will vote for party X with a $60\%$ chance.
  The client is ok with the following approximations:
  <ul>
    <li>$\mathrm{Bin}(n, p) = \mathrm{N}(np, np(1-p))$</li>
    <li>$\mathbb{E}[\text{number of districts party A wins}] = \sum_j \mathbb{P}(\text{party A wins district } j)$</li>
  </ul>
</p>

<h4>Districting Requirements</h4>
<p>
  The redistricting committee has a few requirements for any redistricting plan:
  <ul>
    <li>Each block must be assigned to a single district.</li>
    <li>Each district must have at least 1 block.</li>
    <li>Each district is contigious -- each block in a district is reachable by other blocks in that district.</li>
  </ul>

  The redistricting committee also cares about fairness so they inspect the following additional metrics:
  <ul>
    <li>District Population Imbalance - The sum of square differences between each district's population and the mean district population.</li>
    <li>
      Expected Efficiency Gap - The efficiency gap is a metric that is meant to quantitatively indicate gerrymandering.
      First, compute the number of wasted votes for both parties. A wasted vote is any vote in a district where the party lost the elction, or any vote beyond what was needed to win in a district where the party won.
      Then take the subtract the number of wasted votes for party B from the number of wasted votes for party A and divide that number by total population.
      A largely negative value is associated with gerrymandering in favor of party A.
      Since this metric can only be computed given an election, the committee only cares about its value in expectation.
    </li>
  </ul>
</p>

<h4>The Other Consultant</h4>
<p>
  Our client has already reached out to another consultant, who has provided a solution with the following properties. You must submit a labeling that is at least as good in each metric.
</p>

<!-- 73 -->

<table class="requirements">
  <thead>
    <tr>
      <th>Metric</th>
      <th>Competitor Value</th>
      <th>Direction</th>
    </tr>
  </thead>
  <tbody>
    <tr>
      <td>Expected Party A Districts</td>
      <td>$ 10 $</td>
      <td>higher is better</td>
    </tr>
    <tr>
      <td>District Population Imbalance</td>
      <td>$ 164 \times 10^{10}$</td>
      <td>lower is better</td>
    </tr>
    <tr>
      <td>Expected Efficiency Gap</td>
      <td>$ -0.074 $</td>
      <td>higher is better</td>
    </tr>
  </tbody>
</table>

<a id="submission"></a>
<h4>Submission</h4>

<p>You can obtain your voter data at <a href="/u/dratini0_cfb7da/voters.json">voters.json</a></p>
<p>To submit an answer to this puzzle, submit JSON in this format:</p>
<pre><code>
[
  [0, 1, 2],
  [3, 4, 5]
]
</code></pre>
This example signifies two districts, one containing blocks 0, 1, and 2. The other containing 3, 4, and 5.

<form method="POST">
  <textarea name="json" cols="80"></textarea>
  <br />
  <input type="submit" value="Evaluate" />
</form>




<div class="submission-error">
  <h4>Submission Error</h4>
<p>Not all districts were contigious</p>
</div>




    </div>
  </body>
</html>
